04-Jul-2018 19:03:44.505 INFORMAZIONI [main] org.apache.catalina.startup.VersionLoggerListener.log Server version:        Apache Tomcat/9.0.5
04-Jul-2018 19:03:44.505 INFORMAZIONI [main] org.apache.catalina.startup.VersionLoggerListener.log Server built:          Feb 6 2018 21:42:23 UTC
04-Jul-2018 19:03:44.505 INFORMAZIONI [main] org.apache.catalina.startup.VersionLoggerListener.log Server number:         9.0.5.0
04-Jul-2018 19:03:44.505 INFORMAZIONI [main] org.apache.catalina.startup.VersionLoggerListener.log OS Name:               Windows 10
04-Jul-2018 19:03:44.505 INFORMAZIONI [main] org.apache.catalina.startup.VersionLoggerListener.log OS Version:            10.0
04-Jul-2018 19:03:44.505 INFORMAZIONI [main] org.apache.catalina.startup.VersionLoggerListener.log Architecture:          x86
04-Jul-2018 19:03:44.505 INFORMAZIONI [main] org.apache.catalina.startup.VersionLoggerListener.log Java Home:             C:\Program Files (x86)\Java\jre1.8.0_171
04-Jul-2018 19:03:44.505 INFORMAZIONI [main] org.apache.catalina.startup.VersionLoggerListener.log JVM Version:           1.8.0_171-b11
04-Jul-2018 19:03:44.505 INFORMAZIONI [main] org.apache.catalina.startup.VersionLoggerListener.log JVM Vendor:            Oracle Corporation
04-Jul-2018 19:03:44.505 INFORMAZIONI [main] org.apache.catalina.startup.VersionLoggerListener.log CATALINA_BASE:         C:\Users\david\Git\psd-project\camunda-bpm-ee-tomcat-7.9.0-ee\server\apache-tomcat-9.0.5
04-Jul-2018 19:03:44.505 INFORMAZIONI [main] org.apache.catalina.startup.VersionLoggerListener.log CATALINA_HOME:         C:\Users\david\Git\psd-project\camunda-bpm-ee-tomcat-7.9.0-ee\server\apache-tomcat-9.0.5
04-Jul-2018 19:03:44.505 INFORMAZIONI [main] org.apache.catalina.startup.VersionLoggerListener.log Command line argument: -Djava.util.logging.config.file=C:\Users\david\Git\psd-project\camunda-bpm-ee-tomcat-7.9.0-ee\server\apache-tomcat-9.0.5\conf\logging.properties
04-Jul-2018 19:03:44.505 INFORMAZIONI [main] org.apache.catalina.startup.VersionLoggerListener.log Command line argument: -Djava.util.logging.manager=org.apache.juli.ClassLoaderLogManager
04-Jul-2018 19:03:44.505 INFORMAZIONI [main] org.apache.catalina.startup.VersionLoggerListener.log Command line argument: -Djdk.tls.ephemeralDHKeySize=2048
04-Jul-2018 19:03:44.505 INFORMAZIONI [main] org.apache.catalina.startup.VersionLoggerListener.log Command line argument: -Djava.protocol.handler.pkgs=org.apache.catalina.webresources
04-Jul-2018 19:03:44.505 INFORMAZIONI [main] org.apache.catalina.startup.VersionLoggerListener.log Command line argument: -Xmx512m
04-Jul-2018 19:03:44.505 INFORMAZIONI [main] org.apache.catalina.startup.VersionLoggerListener.log Command line argument: -XX:MaxPermSize=256m
04-Jul-2018 19:03:44.505 INFORMAZIONI [main] org.apache.catalina.startup.VersionLoggerListener.log Command line argument: -XX:PermSize=256m
04-Jul-2018 19:03:44.505 INFORMAZIONI [main] org.apache.catalina.startup.VersionLoggerListener.log Command line argument: -Dignore.endorsed.dirs=
04-Jul-2018 19:03:44.505 INFORMAZIONI [main] org.apache.catalina.startup.VersionLoggerListener.log Command line argument: -Dcatalina.base=C:\Users\david\Git\psd-project\camunda-bpm-ee-tomcat-7.9.0-ee\server\apache-tomcat-9.0.5
04-Jul-2018 19:03:44.505 INFORMAZIONI [main] org.apache.catalina.startup.VersionLoggerListener.log Command line argument: -Dcatalina.home=C:\Users\david\Git\psd-project\camunda-bpm-ee-tomcat-7.9.0-ee\server\apache-tomcat-9.0.5
04-Jul-2018 19:03:44.520 INFORMAZIONI [main] org.apache.catalina.startup.VersionLoggerListener.log Command line argument: -Djava.io.tmpdir=C:\Users\david\Git\psd-project\camunda-bpm-ee-tomcat-7.9.0-ee\server\apache-tomcat-9.0.5\temp
04-Jul-2018 19:03:44.520 INFORMAZIONI [main] org.apache.catalina.core.AprLifecycleListener.lifecycleEvent The APR based Apache Tomcat Native library which allows optimal performance in production environments was not found on the java.library.path: [C:\Program Files (x86)\Java\jre1.8.0_171\bin;C:\WINDOWS\Sun\Java\bin;C:\WINDOWS\system32;C:\WINDOWS;C:\Program Files (x86)\Common Files\Oracle\Java\javapath;C:\Program Files (x86)\Intel\Intel(R) Management Engine Components\iCLS\;C:\Program Files\Intel\Intel(R) Management Engine Components\iCLS\;C:\Windows\system32;C:\Windows;C:\Windows\System32\Wbem;C:\Windows\System32\WindowsPowerShell\v1.0\;C:\Program Files (x86)\Intel\Intel(R) Management Engine Components\DAL;C:\Program Files\Intel\Intel(R) Management Engine Components\DAL;C:\Program Files (x86)\Intel\Intel(R) Management Engine Components\IPT;C:\Program Files\Intel\Intel(R) Management Engine Components\IPT;C:\Program Files (x86)\NVIDIA Corporation\PhysX\Common;C:\WINDOWS\system32;C:\WINDOWS;C:\WINDOWS\System32\Wbem;C:\WINDOWS\System32\WindowsPowerShell\v1.0\;C:\WINDOWS\System32\OpenSSH\;C:\Program Files\Git\cmd;C:\Program Files\nodejs\;C:\Users\david\AppData\Local\Microsoft\WindowsApps;C:\Users\david\AppData\Roaming\npm;.]
04-Jul-2018 19:03:44.661 INFORMAZIONI [main] org.apache.coyote.AbstractProtocol.init Initializing ProtocolHandler ["http-nio-8080"]
04-Jul-2018 19:03:44.817 INFORMAZIONI [main] org.apache.tomcat.util.net.NioSelectorPool.getSharedSelector Using a shared selector for servlet write/read
04-Jul-2018 19:03:44.833 INFORMAZIONI [main] org.apache.coyote.AbstractProtocol.init Initializing ProtocolHandler ["ajp-nio-8009"]
04-Jul-2018 19:03:44.833 INFORMAZIONI [main] org.apache.tomcat.util.net.NioSelectorPool.getSharedSelector Using a shared selector for servlet write/read
04-Jul-2018 19:03:44.833 INFORMAZIONI [main] org.apache.catalina.startup.Catalina.load Initialization processed in 692 ms
04-Jul-2018 19:03:45.130 INFORMAZIONI [main] org.camunda.commons.logging.BaseLogger.logInfo ENGINE-08046 Found camunda bpm platform configuration in CATALINA_BASE/CATALINA_HOME conf directory [C:\Users\david\Git\psd-project\camunda-bpm-ee-tomcat-7.9.0-ee\server\apache-tomcat-9.0.5\conf\bpm-platform.xml] at 'file:/C:/Users/david/Git/psd-project/camunda-bpm-ee-tomcat-7.9.0-ee/server/apache-tomcat-9.0.5/conf/bpm-platform.xml'
04-Jul-2018 19:03:45.426 INFORMAZIONI [main] org.camunda.commons.logging.BaseLogger.logInfo ENGINE-12003 Plugin 'ProcessApplicationEventListenerPlugin' activated on process engine 'default'
04-Jul-2018 19:03:45.442 INFORMAZIONI [main] org.camunda.commons.logging.BaseLogger.logInfo ENGINE-12003 Plugin 'SpinProcessEnginePlugin' activated on process engine 'default'
04-Jul-2018 19:03:45.442 INFORMAZIONI [main] org.camunda.commons.logging.BaseLogger.logInfo SPIN-01010 Discovered Spin data format provider: org.camunda.spin.impl.json.jackson.format.JacksonJsonDataFormatProvider[name = application/json]
04-Jul-2018 19:03:45.645 INFORMAZIONI [main] org.camunda.commons.logging.BaseLogger.logInfo SPIN-01010 Discovered Spin data format provider: org.camunda.spin.impl.xml.dom.format.DomXmlDataFormatProvider[name = application/xml]
04-Jul-2018 19:03:45.661 INFORMAZIONI [main] org.camunda.commons.logging.BaseLogger.logInfo SPIN-01009 Discovered Spin data format: org.camunda.spin.impl.xml.dom.format.DomXmlDataFormat[name = application/xml]
04-Jul-2018 19:03:45.661 INFORMAZIONI [main] org.camunda.commons.logging.BaseLogger.logInfo SPIN-01009 Discovered Spin data format: org.camunda.spin.impl.json.jackson.format.JacksonJsonDataFormat[name = application/json]
04-Jul-2018 19:03:45.661 INFORMAZIONI [main] org.camunda.commons.logging.BaseLogger.logInfo ENGINE-12003 Plugin 'ConnectProcessEnginePlugin' activated on process engine 'default'
04-Jul-2018 19:03:45.973 INFORMAZIONI [main] org.camunda.commons.logging.BaseLogger.logInfo CNCT-01004 Discovered provider for connector id 'http-connector' and class 'org.camunda.connect.httpclient.impl.HttpConnectorImpl': 'org.camunda.connect.httpclient.impl.HttpConnectorProviderImpl'
04-Jul-2018 19:03:45.973 INFORMAZIONI [main] org.camunda.commons.logging.BaseLogger.logInfo CNCT-01004 Discovered provider for connector id 'soap-http-connector' and class 'org.camunda.connect.httpclient.soap.impl.SoapHttpConnectorImpl': 'org.camunda.connect.httpclient.soap.impl.SoapHttpConnectorProviderImpl'
04-Jul-2018 19:03:49.505 INFORMAZIONI [main] org.camunda.commons.logging.BaseLogger.logInfo ENGINE-00001 Process Engine default created.
04-Jul-2018 19:03:49.509 INFORMAZIONI [main] org.camunda.commons.logging.BaseLogger.logInfo ENGINE-14014 Starting up the JobExecutor[org.camunda.bpm.engine.impl.jobexecutor.RuntimeContainerJobExecutor].
04-Jul-2018 19:03:49.509 INFORMAZIONI [Thread-6] org.camunda.commons.logging.BaseLogger.logInfo ENGINE-14018 JobExecutor[org.camunda.bpm.engine.impl.jobexecutor.RuntimeContainerJobExecutor] starting to acquire jobs
04-Jul-2018 19:03:49.521 INFORMAZIONI [main] org.camunda.commons.logging.BaseLogger.logInfo ENGINE-08048 Camunda BPM platform sucessfully started at 'Apache Tomcat/9.0.5'.
04-Jul-2018 19:03:49.533 INFORMAZIONI [main] org.apache.catalina.core.StandardService.startInternal Starting service [Catalina]
04-Jul-2018 19:03:49.533 INFORMAZIONI [main] org.apache.catalina.core.StandardEngine.startInternal Starting Servlet Engine: Apache Tomcat/9.0.5
04-Jul-2018 19:03:49.541 INFORMAZIONI [main] org.apache.catalina.startup.HostConfig.deployDirectory Deploying web application directory [C:\Users\david\Git\psd-project\camunda-bpm-ee-tomcat-7.9.0-ee\server\apache-tomcat-9.0.5\webapps\camunda]
04-Jul-2018 19:03:53.734 INFORMAZIONI [main] org.apache.jasper.servlet.TldScanner.scanJars At least one JAR was scanned for TLDs yet contained no TLDs. Enable debug logging for this logger for a complete list of JARs that were scanned but no TLDs were found in them. Skipping unneeded JARs during scanning can improve startup time and JSP compilation time.
04-Jul-2018 19:03:54.266 INFORMAZIONI [main] org.apache.catalina.startup.HostConfig.deployDirectory Deployment of web application directory [C:\Users\david\Git\psd-project\camunda-bpm-ee-tomcat-7.9.0-ee\server\apache-tomcat-9.0.5\webapps\camunda] has finished in [4,725] ms
04-Jul-2018 19:03:54.266 INFORMAZIONI [main] org.apache.catalina.startup.HostConfig.deployDirectory Deploying web application directory [C:\Users\david\Git\psd-project\camunda-bpm-ee-tomcat-7.9.0-ee\server\apache-tomcat-9.0.5\webapps\camunda-invoice]
04-Jul-2018 19:03:56.999 INFORMAZIONI [main] org.camunda.commons.logging.BaseLogger.logInfo ENGINE-07015 Detected @ProcessApplication class 'org.camunda.bpm.example.invoice.InvoiceProcessApplication'
04-Jul-2018 19:03:57.035 INFORMAZIONI [main] org.apache.jasper.servlet.TldScanner.scanJars At least one JAR was scanned for TLDs yet contained no TLDs. Enable debug logging for this logger for a complete list of JARs that were scanned but no TLDs were found in them. Skipping unneeded JARs during scanning can improve startup time and JSP compilation time.
04-Jul-2018 19:03:57.043 INFORMAZIONI [main] org.camunda.commons.logging.BaseLogger.logInfo ENGINE-08024 Found processes.xml file at file:/C:/Users/david/Git/psd-project/camunda-bpm-ee-tomcat-7.9.0-ee/server/apache-tomcat-9.0.5/webapps/camunda-invoice/WEB-INF/classes/META-INF/processes.xml
04-Jul-2018 19:03:57.067 INFORMAZIONI [main] org.camunda.commons.logging.BaseLogger.logInfo ENGINE-08023 Deployment summary for process archive 'camunda-invoice': 

        invoiceBusinessDecisions.dmn
        invoice.v2.bpmn
        review-invoice.cmmn

04-Jul-2018 19:03:57.539 INFORMAZIONI [main] org.camunda.commons.logging.BaseLogger.logInfo ENGINE-07021 ProcessApplication 'camunda-invoice' registered for DB deployments [6fe6e071-77f3-11e8-9dcc-0a0027000008, 6f93de67-77f3-11e8-9dcc-0a0027000008]. Will execute process definitions 

        invoice[version: 2, id: invoice:2:6feb2635-77f3-11e8-9dcc-0a0027000008]
        invoice[version: 1, id: invoice:1:6fa7b48b-77f3-11e8-9dcc-0a0027000008]

Will execute case definitions 

        ReviewInvoiceCase[version: 2, id: ReviewInvoiceCase:2:6feef6c7-77f3-11e8-9dcc-0a0027000008]
        ReviewInvoiceCase[version: 1, id: ReviewInvoiceCase:1:6fcfaeed-77f3-11e8-9dcc-0a0027000008]

04-Jul-2018 19:03:57.547 INFORMAZIONI [main] org.camunda.commons.logging.BaseLogger.logInfo SPIN-01010 Discovered Spin data format provider: org.camunda.spin.impl.json.jackson.format.JacksonJsonDataFormatProvider[name = application/json]
04-Jul-2018 19:03:57.551 INFORMAZIONI [main] org.camunda.commons.logging.BaseLogger.logInfo SPIN-01010 Discovered Spin data format provider: org.camunda.spin.impl.xml.dom.format.DomXmlDataFormatProvider[name = application/xml]
04-Jul-2018 19:03:57.551 INFORMAZIONI [main] org.camunda.commons.logging.BaseLogger.logInfo SPIN-01009 Discovered Spin data format: org.camunda.spin.impl.xml.dom.format.DomXmlDataFormat[name = application/xml]
04-Jul-2018 19:03:57.555 INFORMAZIONI [main] org.camunda.commons.logging.BaseLogger.logInfo SPIN-01009 Discovered Spin data format: org.camunda.spin.impl.json.jackson.format.JacksonJsonDataFormat[name = application/json]
04-Jul-2018 19:03:57.631 INFORMAZIONI [main] org.camunda.bpm.example.invoice.InvoiceProcessApplication.startProcessInstances Start 3 instances of Invoice Receipt, version 1
04-Jul-2018 19:03:58.875 INFORMAZIONI [main] org.camunda.bpm.example.invoice.service.NotifyCreditorService.execute 

  ... Now notifying creditor Bobby's Office Supplies


04-Jul-2018 19:03:59.043 INFORMAZIONI [main] org.camunda.bpm.example.invoice.InvoiceProcessApplication.startProcessInstances Start 3 instances of Invoice Receipt, version 2
04-Jul-2018 19:03:59.267 INFORMAZIONI [main] org.camunda.commons.logging.BaseLogger.logInfo ENGINE-08050 Process application camunda-invoice successfully deployed
04-Jul-2018 19:03:59.271 INFORMAZIONI [main] org.apache.catalina.startup.HostConfig.deployDirectory Deployment of web application directory [C:\Users\david\Git\psd-project\camunda-bpm-ee-tomcat-7.9.0-ee\server\apache-tomcat-9.0.5\webapps\camunda-invoice] has finished in [5,005] ms
04-Jul-2018 19:03:59.271 INFORMAZIONI [main] org.apache.catalina.startup.HostConfig.deployDirectory Deploying web application directory [C:\Users\david\Git\psd-project\camunda-bpm-ee-tomcat-7.9.0-ee\server\apache-tomcat-9.0.5\webapps\camunda-welcome]
04-Jul-2018 19:04:01.627 INFORMAZIONI [main] org.apache.jasper.servlet.TldScanner.scanJars At least one JAR was scanned for TLDs yet contained no TLDs. Enable debug logging for this logger for a complete list of JARs that were scanned but no TLDs were found in them. Skipping unneeded JARs during scanning can improve startup time and JSP compilation time.
04-Jul-2018 19:04:01.631 INFORMAZIONI [main] org.apache.catalina.startup.HostConfig.deployDirectory Deployment of web application directory [C:\Users\david\Git\psd-project\camunda-bpm-ee-tomcat-7.9.0-ee\server\apache-tomcat-9.0.5\webapps\camunda-welcome] has finished in [2,360] ms
04-Jul-2018 19:04:01.631 INFORMAZIONI [main] org.apache.catalina.startup.HostConfig.deployDirectory Deploying web application directory [C:\Users\david\Git\psd-project\camunda-bpm-ee-tomcat-7.9.0-ee\server\apache-tomcat-9.0.5\webapps\docs]
04-Jul-2018 19:04:04.255 INFORMAZIONI [main] org.apache.jasper.servlet.TldScanner.scanJars At least one JAR was scanned for TLDs yet contained no TLDs. Enable debug logging for this logger for a complete list of JARs that were scanned but no TLDs were found in them. Skipping unneeded JARs during scanning can improve startup time and JSP compilation time.
04-Jul-2018 19:04:04.259 INFORMAZIONI [main] org.apache.catalina.startup.HostConfig.deployDirectory Deployment of web application directory [C:\Users\david\Git\psd-project\camunda-bpm-ee-tomcat-7.9.0-ee\server\apache-tomcat-9.0.5\webapps\docs] has finished in [2,628] ms
04-Jul-2018 19:04:04.259 INFORMAZIONI [main] org.apache.catalina.startup.HostConfig.deployDirectory Deploying web application directory [C:\Users\david\Git\psd-project\camunda-bpm-ee-tomcat-7.9.0-ee\server\apache-tomcat-9.0.5\webapps\engine-rest]
04-Jul-2018 19:04:07.491 INFORMAZIONI [main] org.apache.jasper.servlet.TldScanner.scanJars At least one JAR was scanned for TLDs yet contained no TLDs. Enable debug logging for this logger for a complete list of JARs that were scanned but no TLDs were found in them. Skipping unneeded JARs during scanning can improve startup time and JSP compilation time.
04-Jul-2018 19:04:07.779 INFORMAZIONI [main] org.apache.catalina.startup.HostConfig.deployDirectory Deployment of web application directory [C:\Users\david\Git\psd-project\camunda-bpm-ee-tomcat-7.9.0-ee\server\apache-tomcat-9.0.5\webapps\engine-rest] has finished in [3,520] ms
04-Jul-2018 19:04:07.779 INFORMAZIONI [main] org.apache.catalina.startup.HostConfig.deployDirectory Deploying web application directory [C:\Users\david\Git\psd-project\camunda-bpm-ee-tomcat-7.9.0-ee\server\apache-tomcat-9.0.5\webapps\examples]
04-Jul-2018 19:04:10.987 INFORMAZIONI [main] org.apache.jasper.servlet.TldScanner.scanJars At least one JAR was scanned for TLDs yet contained no TLDs. Enable debug logging for this logger for a complete list of JARs that were scanned but no TLDs were found in them. Skipping unneeded JARs during scanning can improve startup time and JSP compilation time.
04-Jul-2018 19:04:11.035 INFORMAZIONI [main] org.apache.catalina.startup.HostConfig.deployDirectory Deployment of web application directory [C:\Users\david\Git\psd-project\camunda-bpm-ee-tomcat-7.9.0-ee\server\apache-tomcat-9.0.5\webapps\examples] has finished in [3,256] ms
04-Jul-2018 19:04:11.035 INFORMAZIONI [main] org.apache.catalina.startup.HostConfig.deployDirectory Deploying web application directory [C:\Users\david\Git\psd-project\camunda-bpm-ee-tomcat-7.9.0-ee\server\apache-tomcat-9.0.5\webapps\h2]
04-Jul-2018 19:04:13.715 INFORMAZIONI [main] org.apache.jasper.servlet.TldScanner.scanJars At least one JAR was scanned for TLDs yet contained no TLDs. Enable debug logging for this logger for a complete list of JARs that were scanned but no TLDs were found in them. Skipping unneeded JARs during scanning can improve startup time and JSP compilation time.
04-Jul-2018 19:04:13.723 INFORMAZIONI [main] org.apache.catalina.startup.HostConfig.deployDirectory Deployment of web application directory [C:\Users\david\Git\psd-project\camunda-bpm-ee-tomcat-7.9.0-ee\server\apache-tomcat-9.0.5\webapps\h2] has finished in [2,688] ms
04-Jul-2018 19:04:13.723 INFORMAZIONI [main] org.apache.catalina.startup.HostConfig.deployDirectory Deploying web application directory [C:\Users\david\Git\psd-project\camunda-bpm-ee-tomcat-7.9.0-ee\server\apache-tomcat-9.0.5\webapps\host-manager]
04-Jul-2018 19:04:16.363 INFORMAZIONI [main] org.apache.jasper.servlet.TldScanner.scanJars At least one JAR was scanned for TLDs yet contained no TLDs. Enable debug logging for this logger for a complete list of JARs that were scanned but no TLDs were found in them. Skipping unneeded JARs during scanning can improve startup time and JSP compilation time.
04-Jul-2018 19:04:16.367 INFORMAZIONI [main] org.apache.catalina.startup.HostConfig.deployDirectory Deployment of web application directory [C:\Users\david\Git\psd-project\camunda-bpm-ee-tomcat-7.9.0-ee\server\apache-tomcat-9.0.5\webapps\host-manager] has finished in [2,644] ms
04-Jul-2018 19:04:16.367 INFORMAZIONI [main] org.apache.catalina.startup.HostConfig.deployDirectory Deploying web application directory [C:\Users\david\Git\psd-project\camunda-bpm-ee-tomcat-7.9.0-ee\server\apache-tomcat-9.0.5\webapps\manager]
04-Jul-2018 19:04:18.931 INFORMAZIONI [main] org.apache.jasper.servlet.TldScanner.scanJars At least one JAR was scanned for TLDs yet contained no TLDs. Enable debug logging for this logger for a complete list of JARs that were scanned but no TLDs were found in them. Skipping unneeded JARs during scanning can improve startup time and JSP compilation time.
04-Jul-2018 19:04:18.935 INFORMAZIONI [main] org.apache.catalina.startup.HostConfig.deployDirectory Deployment of web application directory [C:\Users\david\Git\psd-project\camunda-bpm-ee-tomcat-7.9.0-ee\server\apache-tomcat-9.0.5\webapps\manager] has finished in [2,568] ms
04-Jul-2018 19:04:18.935 INFORMAZIONI [main] org.apache.catalina.startup.HostConfig.deployDirectory Deploying web application directory [C:\Users\david\Git\psd-project\camunda-bpm-ee-tomcat-7.9.0-ee\server\apache-tomcat-9.0.5\webapps\ROOT]
04-Jul-2018 19:04:21.735 INFORMAZIONI [main] org.apache.jasper.servlet.TldScanner.scanJars At least one JAR was scanned for TLDs yet contained no TLDs. Enable debug logging for this logger for a complete list of JARs that were scanned but no TLDs were found in them. Skipping unneeded JARs during scanning can improve startup time and JSP compilation time.
04-Jul-2018 19:04:21.739 INFORMAZIONI [main] org.apache.catalina.startup.HostConfig.deployDirectory Deployment of web application directory [C:\Users\david\Git\psd-project\camunda-bpm-ee-tomcat-7.9.0-ee\server\apache-tomcat-9.0.5\webapps\ROOT] has finished in [2,804] ms
04-Jul-2018 19:04:21.743 INFORMAZIONI [main] org.apache.coyote.AbstractProtocol.start Starting ProtocolHandler ["http-nio-8080"]
04-Jul-2018 19:04:21.755 INFORMAZIONI [main] org.apache.coyote.AbstractProtocol.start Starting ProtocolHandler ["ajp-nio-8009"]
04-Jul-2018 19:04:21.759 INFORMAZIONI [main] org.apache.catalina.startup.Catalina.start Server startup in 36918 ms
04-Jul-2018 19:04:21.863 INFORMAZIONI [http-nio-8080-exec-9] org.jboss.resteasy.logging.impl.Slf4jLogger.info Deploying javax.ws.rs.core.Application: class org.camunda.bpm.engine.rest.impl.application.DefaultApplication
04-Jul-2018 19:04:21.911 INFORMAZIONI [http-nio-8080-exec-9] org.jboss.resteasy.logging.impl.Slf4jLogger.info Adding provider class org.camunda.bpm.engine.rest.exception.ProcessEngineExceptionHandler from Application class org.camunda.bpm.engine.rest.impl.application.DefaultApplication
04-Jul-2018 19:04:21.911 INFORMAZIONI [http-nio-8080-exec-9] org.jboss.resteasy.logging.impl.Slf4jLogger.info Adding provider class org.camunda.bpm.engine.rest.mapper.MultipartPayloadProvider from Application class org.camunda.bpm.engine.rest.impl.application.DefaultApplication
04-Jul-2018 19:04:21.915 INFORMAZIONI [http-nio-8080-exec-9] org.jboss.resteasy.logging.impl.Slf4jLogger.info Adding provider class org.camunda.bpm.engine.rest.hal.JacksonHalJsonProvider from Application class org.camunda.bpm.engine.rest.impl.application.DefaultApplication
04-Jul-2018 19:04:21.915 INFORMAZIONI [http-nio-8080-exec-9] org.jboss.resteasy.logging.impl.Slf4jLogger.info Adding provider class org.camunda.bpm.engine.rest.exception.RestExceptionHandler from Application class org.camunda.bpm.engine.rest.impl.application.DefaultApplication
04-Jul-2018 19:04:21.915 INFORMAZIONI [http-nio-8080-exec-9] org.jboss.resteasy.logging.impl.Slf4jLogger.info Adding provider class com.fasterxml.jackson.jaxrs.json.JacksonJsonProvider from Application class org.camunda.bpm.engine.rest.impl.application.DefaultApplication
04-Jul-2018 19:04:21.915 INFORMAZIONI [http-nio-8080-exec-9] org.jboss.resteasy.logging.impl.Slf4jLogger.info Adding provider class org.camunda.bpm.engine.rest.exception.JsonParseExceptionHandler from Application class org.camunda.bpm.engine.rest.impl.application.DefaultApplication
04-Jul-2018 19:04:21.915 INFORMAZIONI [http-nio-8080-exec-9] org.jboss.resteasy.logging.impl.Slf4jLogger.info Adding provider class org.camunda.bpm.engine.rest.exception.JsonMappingExceptionHandler from Application class org.camunda.bpm.engine.rest.impl.application.DefaultApplication
04-Jul-2018 19:04:21.919 INFORMAZIONI [http-nio-8080-exec-9] org.jboss.resteasy.logging.impl.Slf4jLogger.info Adding class resource org.camunda.bpm.engine.rest.impl.JaxRsTwoDefaultProcessEngineRestServiceImpl from Application class org.camunda.bpm.engine.rest.impl.application.DefaultApplication
04-Jul-2018 19:04:21.919 INFORMAZIONI [http-nio-8080-exec-9] org.jboss.resteasy.logging.impl.Slf4jLogger.info Adding class resource org.camunda.bpm.engine.rest.impl.JaxRsTwoNamedProcessEngineRestServiceImpl from Application class org.camunda.bpm.engine.rest.impl.application.DefaultApplication
04-Jul-2018 19:04:21.919 INFORMAZIONI [http-nio-8080-exec-9] org.jboss.resteasy.logging.impl.Slf4jLogger.info Adding provider class org.camunda.bpm.engine.rest.mapper.JacksonConfigurator from Application class org.camunda.bpm.engine.rest.impl.application.DefaultApplication
04-Jul-2018 19:04:40.768 INFORMAZIONI [http-nio-8080-exec-5] org.jboss.resteasy.logging.impl.Slf4jLogger.info Deploying javax.ws.rs.core.Application: class org.camunda.bpm.admin.impl.web.AdminApplication
04-Jul-2018 19:04:40.768 INFORMAZIONI [http-nio-8080-exec-6] org.jboss.resteasy.logging.impl.Slf4jLogger.info Deploying javax.ws.rs.core.Application: class org.camunda.bpm.webapp.impl.engine.EngineRestApplication
04-Jul-2018 19:04:46.589 INFORMAZIONI [http-nio-8080-exec-1] org.jboss.resteasy.logging.impl.Slf4jLogger.info Deploying javax.ws.rs.core.Application: class org.camunda.bpm.cockpit.impl.web.CockpitApplication
04-Jul-2018 19:04:46.923 AVVERTENZA [http-nio-8080-exec-3] org.camunda.bpm.engine.rest.exception.ExceptionHandler.toResponse java.lang.NumberFormatException: multiple points
	at sun.misc.FloatingDecimal.readJavaFormatString(Unknown Source)
	at sun.misc.FloatingDecimal.parseDouble(Unknown Source)
	at java.lang.Double.parseDouble(Unknown Source)
	at java.text.DigitList.getDouble(Unknown Source)
	at java.text.DecimalFormat.parse(Unknown Source)
	at java.text.SimpleDateFormat.subParse(Unknown Source)
	at java.text.SimpleDateFormat.parse(Unknown Source)
	at java.text.DateFormat.parse(Unknown Source)
	at org.camunda.bpm.licensecheck.LicenseKey.createLicenseKey(LicenseKey.java:85)
	at org.camunda.bpm.webapp.impl.plugin.LicenseCheckResourceOverride.hasValidLicense(LicenseCheckResourceOverride.java:128)
	at org.camunda.bpm.webapp.impl.plugin.LicenseCheckResourceOverride.ensureValidLicenseKey(LicenseCheckResourceOverride.java:91)
	at org.camunda.bpm.webapp.impl.plugin.LicenseCheckResourceOverride.filterResource(LicenseCheckResourceOverride.java:72)
	at org.camunda.bpm.webapp.plugin.resource.AbstractAppPluginRootResource.applyResourceOverrides(AbstractAppPluginRootResource.java:153)
	at org.camunda.bpm.webapp.plugin.resource.AbstractAppPluginRootResource.getAsset(AbstractAppPluginRootResource.java:115)
	at sun.reflect.NativeMethodAccessorImpl.invoke0(Native Method)
	at sun.reflect.NativeMethodAccessorImpl.invoke(Unknown Source)
	at sun.reflect.DelegatingMethodAccessorImpl.invoke(Unknown Source)
	at java.lang.reflect.Method.invoke(Unknown Source)
	at org.jboss.resteasy.core.MethodInjectorImpl.invoke(MethodInjectorImpl.java:167)
	at org.jboss.resteasy.core.ResourceMethod.invokeOnTarget(ResourceMethod.java:257)
	at org.jboss.resteasy.core.ResourceMethod.invoke(ResourceMethod.java:222)
	at org.jboss.resteasy.core.ResourceMethod.invoke(ResourceMethod.java:211)
	at org.jboss.resteasy.core.SynchronousDispatcher.getResponse(SynchronousDispatcher.java:542)
	at org.jboss.resteasy.core.SynchronousDispatcher.invoke(SynchronousDispatcher.java:524)
	at org.jboss.resteasy.core.SynchronousDispatcher.invoke(SynchronousDispatcher.java:126)
	at org.jboss.resteasy.plugins.server.servlet.ServletContainerDispatcher.service(ServletContainerDispatcher.java:208)
	at org.jboss.resteasy.plugins.server.servlet.HttpServletDispatcher.service(HttpServletDispatcher.java:55)
	at org.jboss.resteasy.plugins.server.servlet.HttpServletDispatcher.service(HttpServletDispatcher.java:50)
	at javax.servlet.http.HttpServlet.service(HttpServlet.java:741)
	at org.apache.catalina.core.ApplicationFilterChain.internalDoFilter(ApplicationFilterChain.java:231)
	at org.apache.catalina.core.ApplicationFilterChain.doFilter(ApplicationFilterChain.java:166)
	at org.apache.tomcat.websocket.server.WsFilter.doFilter(WsFilter.java:53)
	at org.apache.catalina.core.ApplicationFilterChain.internalDoFilter(ApplicationFilterChain.java:193)
	at org.apache.catalina.core.ApplicationFilterChain.doFilter(ApplicationFilterChain.java:166)
	at org.camunda.bpm.engine.rest.filter.CacheControlFilter.doFilter(CacheControlFilter.java:41)
	at org.apache.catalina.core.ApplicationFilterChain.internalDoFilter(ApplicationFilterChain.java:193)
	at org.apache.catalina.core.ApplicationFilterChain.doFilter(ApplicationFilterChain.java:166)
	at org.camunda.bpm.engine.rest.filter.EmptyBodyFilter.doFilter(EmptyBodyFilter.java:97)
	at org.apache.catalina.core.ApplicationFilterChain.internalDoFilter(ApplicationFilterChain.java:193)
	at org.apache.catalina.core.ApplicationFilterChain.doFilter(ApplicationFilterChain.java:166)
	at org.camunda.bpm.webapp.impl.security.filter.SecurityFilter.doFilterSecure(SecurityFilter.java:67)
	at org.camunda.bpm.webapp.impl.security.filter.SecurityFilter.doFilter(SecurityFilter.java:51)
	at org.apache.catalina.core.ApplicationFilterChain.internalDoFilter(ApplicationFilterChain.java:193)
	at org.apache.catalina.core.ApplicationFilterChain.doFilter(ApplicationFilterChain.java:166)
	at org.camunda.bpm.webapp.impl.security.auth.AuthenticationFilter$1.execute(AuthenticationFilter.java:58)
	at org.camunda.bpm.webapp.impl.security.auth.AuthenticationFilter$1.execute(AuthenticationFilter.java:56)
	at org.camunda.bpm.webapp.impl.security.SecurityActions.runWithAuthentications(SecurityActions.java:40)
	at org.camunda.bpm.webapp.impl.security.auth.AuthenticationFilter.doFilter(AuthenticationFilter.java:56)
	at org.apache.catalina.core.ApplicationFilterChain.internalDoFilter(ApplicationFilterChain.java:193)
	at org.apache.catalina.core.ApplicationFilterChain.doFilter(ApplicationFilterChain.java:166)
	at org.apache.catalina.core.StandardWrapperValve.invoke(StandardWrapperValve.java:199)
	at org.apache.catalina.core.StandardContextValve.invoke(StandardContextValve.java:96)
	at org.apache.catalina.core.StandardHostValve.invoke(StandardHostValve.java:137)
	at org.apache.catalina.valves.ErrorReportValve.invoke(ErrorReportValve.java:81)
	at org.apache.catalina.valves.AbstractAccessLogValve.invoke(AbstractAccessLogValve.java:651)
	at org.apache.catalina.core.StandardEngineValve.invoke(StandardEngineValve.java:87)
	at org.apache.catalina.connector.CoyoteAdapter.service(CoyoteAdapter.java:342)
	at org.apache.coyote.http11.Http11Processor.service(Http11Processor.java:409)
	at org.apache.coyote.AbstractProcessorLight.process(AbstractProcessorLight.java:66)
	at org.apache.coyote.AbstractProtocol$ConnectionHandler.process(AbstractProtocol.java:754)
	at org.apache.tomcat.util.net.NioEndpoint$SocketProcessor.doRun(NioEndpoint.java:1376)
	at org.apache.tomcat.util.net.SocketProcessorBase.run(SocketProcessorBase.java:49)
	at java.util.concurrent.ThreadPoolExecutor.runWorker(Unknown Source)
	at java.util.concurrent.ThreadPoolExecutor$Worker.run(Unknown Source)
	at org.apache.tomcat.util.threads.TaskThread$WrappingRunnable.run(TaskThread.java:61)
	at java.lang.Thread.run(Unknown Source)

04-Jul-2018 19:04:46.925 AVVERTENZA [http-nio-8080-exec-7] org.camunda.bpm.engine.rest.exception.ExceptionHandler.toResponse java.lang.NumberFormatException: multiple points
	at sun.misc.FloatingDecimal.readJavaFormatString(Unknown Source)
	at sun.misc.FloatingDecimal.parseDouble(Unknown Source)
	at java.lang.Double.parseDouble(Unknown Source)
	at java.text.DigitList.getDouble(Unknown Source)
	at java.text.DecimalFormat.parse(Unknown Source)
	at java.text.SimpleDateFormat.subParse(Unknown Source)
	at java.text.SimpleDateFormat.parse(Unknown Source)
	at java.text.DateFormat.parse(Unknown Source)
	at org.camunda.bpm.licensecheck.LicenseKey.createLicenseKey(LicenseKey.java:85)
	at org.camunda.bpm.webapp.impl.plugin.LicenseCheckResourceOverride.hasValidLicense(LicenseCheckResourceOverride.java:128)
	at org.camunda.bpm.webapp.impl.plugin.LicenseCheckResourceOverride.ensureValidLicenseKey(LicenseCheckResourceOverride.java:91)
	at org.camunda.bpm.webapp.impl.plugin.LicenseCheckResourceOverride.filterResource(LicenseCheckResourceOverride.java:72)
	at org.camunda.bpm.webapp.plugin.resource.AbstractAppPluginRootResource.applyResourceOverrides(AbstractAppPluginRootResource.java:153)
	at org.camunda.bpm.webapp.plugin.resource.AbstractAppPluginRootResource.getAsset(AbstractAppPluginRootResource.java:115)
	at sun.reflect.NativeMethodAccessorImpl.invoke0(Native Method)
	at sun.reflect.NativeMethodAccessorImpl.invoke(Unknown Source)
	at sun.reflect.DelegatingMethodAccessorImpl.invoke(Unknown Source)
	at java.lang.reflect.Method.invoke(Unknown Source)
	at org.jboss.resteasy.core.MethodInjectorImpl.invoke(MethodInjectorImpl.java:167)
	at org.jboss.resteasy.core.ResourceMethod.invokeOnTarget(ResourceMethod.java:257)
	at org.jboss.resteasy.core.ResourceMethod.invoke(ResourceMethod.java:222)
	at org.jboss.resteasy.core.ResourceMethod.invoke(ResourceMethod.java:211)
	at org.jboss.resteasy.core.SynchronousDispatcher.getResponse(SynchronousDispatcher.java:542)
	at org.jboss.resteasy.core.SynchronousDispatcher.invoke(SynchronousDispatcher.java:524)
	at org.jboss.resteasy.core.SynchronousDispatcher.invoke(SynchronousDispatcher.java:126)
	at org.jboss.resteasy.plugins.server.servlet.ServletContainerDispatcher.service(ServletContainerDispatcher.java:208)
	at org.jboss.resteasy.plugins.server.servlet.HttpServletDispatcher.service(HttpServletDispatcher.java:55)
	at org.jboss.resteasy.plugins.server.servlet.HttpServletDispatcher.service(HttpServletDispatcher.java:50)
	at javax.servlet.http.HttpServlet.service(HttpServlet.java:741)
	at org.apache.catalina.core.ApplicationFilterChain.internalDoFilter(ApplicationFilterChain.java:231)
	at org.apache.catalina.core.ApplicationFilterChain.doFilter(ApplicationFilterChain.java:166)
	at org.apache.tomcat.websocket.server.WsFilter.doFilter(WsFilter.java:53)
	at org.apache.catalina.core.ApplicationFilterChain.internalDoFilter(ApplicationFilterChain.java:193)
	at org.apache.catalina.core.ApplicationFilterChain.doFilter(ApplicationFilterChain.java:166)
	at org.camunda.bpm.engine.rest.filter.CacheControlFilter.doFilter(CacheControlFilter.java:41)
	at org.apache.catalina.core.ApplicationFilterChain.internalDoFilter(ApplicationFilterChain.java:193)
	at org.apache.catalina.core.ApplicationFilterChain.doFilter(ApplicationFilterChain.java:166)
	at org.camunda.bpm.engine.rest.filter.EmptyBodyFilter.doFilter(EmptyBodyFilter.java:97)
	at org.apache.catalina.core.ApplicationFilterChain.internalDoFilter(ApplicationFilterChain.java:193)
	at org.apache.catalina.core.ApplicationFilterChain.doFilter(ApplicationFilterChain.java:166)
	at org.camunda.bpm.webapp.impl.security.filter.SecurityFilter.doFilterSecure(SecurityFilter.java:67)
	at org.camunda.bpm.webapp.impl.security.filter.SecurityFilter.doFilter(SecurityFilter.java:51)
	at org.apache.catalina.core.ApplicationFilterChain.internalDoFilter(ApplicationFilterChain.java:193)
	at org.apache.catalina.core.ApplicationFilterChain.doFilter(ApplicationFilterChain.java:166)
	at org.camunda.bpm.webapp.impl.security.auth.AuthenticationFilter$1.execute(AuthenticationFilter.java:58)
	at org.camunda.bpm.webapp.impl.security.auth.AuthenticationFilter$1.execute(AuthenticationFilter.java:56)
	at org.camunda.bpm.webapp.impl.security.SecurityActions.runWithAuthentications(SecurityActions.java:40)
	at org.camunda.bpm.webapp.impl.security.auth.AuthenticationFilter.doFilter(AuthenticationFilter.java:56)
	at org.apache.catalina.core.ApplicationFilterChain.internalDoFilter(ApplicationFilterChain.java:193)
	at org.apache.catalina.core.ApplicationFilterChain.doFilter(ApplicationFilterChain.java:166)
	at org.apache.catalina.core.StandardWrapperValve.invoke(StandardWrapperValve.java:199)
	at org.apache.catalina.core.StandardContextValve.invoke(StandardContextValve.java:96)
	at org.apache.catalina.core.StandardHostValve.invoke(StandardHostValve.java:137)
	at org.apache.catalina.valves.ErrorReportValve.invoke(ErrorReportValve.java:81)
	at org.apache.catalina.valves.AbstractAccessLogValve.invoke(AbstractAccessLogValve.java:651)
	at org.apache.catalina.core.StandardEngineValve.invoke(StandardEngineValve.java:87)
	at org.apache.catalina.connector.CoyoteAdapter.service(CoyoteAdapter.java:342)
	at org.apache.coyote.http11.Http11Processor.service(Http11Processor.java:409)
	at org.apache.coyote.AbstractProcessorLight.process(AbstractProcessorLight.java:66)
	at org.apache.coyote.AbstractProtocol$ConnectionHandler.process(AbstractProtocol.java:754)
	at org.apache.tomcat.util.net.NioEndpoint$SocketProcessor.doRun(NioEndpoint.java:1376)
	at org.apache.tomcat.util.net.SocketProcessorBase.run(SocketProcessorBase.java:49)
	at java.util.concurrent.ThreadPoolExecutor.runWorker(Unknown Source)
	at java.util.concurrent.ThreadPoolExecutor$Worker.run(Unknown Source)
	at org.apache.tomcat.util.threads.TaskThread$WrappingRunnable.run(TaskThread.java:61)
	at java.lang.Thread.run(Unknown Source)

04-Jul-2018 19:04:46.936 INFORMAZIONI [http-nio-8080-exec-4] org.camunda.bpm.webapp.impl.plugin.LicenseCheckResourceOverride.hasValidLicense Found valid license key for customer politecnico_di_milano.
04-Jul-2018 19:04:48.875 INFORMAZIONI [http-nio-8080-exec-8] org.camunda.commons.logging.BaseLogger.logInfo ENGINE-01002 Ignoring non-executable process with id 'Process_0m9gb16'. Set the attribute isExecutable="true" to deploy this process.
04-Jul-2018 19:04:48.878 INFORMAZIONI [http-nio-8080-exec-8] org.camunda.commons.logging.BaseLogger.logInfo ENGINE-01002 Ignoring non-executable process with id 'Process_1u2rhts'. Set the attribute isExecutable="true" to deploy this process.
04-Jul-2018 19:08:58.439 GRAVE [http-nio-8080-exec-3] org.camunda.commons.logging.BaseLogger.logError ENGINE-16004 Exception while closing command context: Cannot correlate message 'NameConfirmation': No process definition or execution matches the parameters
 org.camunda.bpm.engine.MismatchingMessageCorrelationException: Cannot correlate message 'NameConfirmation': No process definition or execution matches the parameters
	at org.camunda.bpm.engine.impl.cmd.CorrelateMessageCmd.execute(CorrelateMessageCmd.java:61)
	at org.camunda.bpm.engine.impl.cmd.CorrelateMessageCmd.execute(CorrelateMessageCmd.java:36)
	at org.camunda.bpm.engine.impl.interceptor.CommandExecutorImpl.execute(CommandExecutorImpl.java:24)
	at org.camunda.bpm.engine.impl.interceptor.CommandContextInterceptor.execute(CommandContextInterceptor.java:104)
	at org.camunda.bpm.engine.impl.interceptor.ProcessApplicationContextInterceptor.execute(ProcessApplicationContextInterceptor.java:66)
	at org.camunda.bpm.engine.impl.interceptor.LogInterceptor.execute(LogInterceptor.java:30)
	at org.camunda.bpm.engine.impl.MessageCorrelationBuilderImpl.execute(MessageCorrelationBuilderImpl.java:240)
	at org.camunda.bpm.engine.impl.MessageCorrelationBuilderImpl.correlateWithResult(MessageCorrelationBuilderImpl.java:184)
	at org.camunda.bpm.engine.rest.impl.MessageRestServiceImpl.deliverMessage(MessageRestServiceImpl.java:56)
	at sun.reflect.NativeMethodAccessorImpl.invoke0(Native Method)
	at sun.reflect.NativeMethodAccessorImpl.invoke(Unknown Source)
	at sun.reflect.DelegatingMethodAccessorImpl.invoke(Unknown Source)
	at java.lang.reflect.Method.invoke(Unknown Source)
	at org.jboss.resteasy.core.MethodInjectorImpl.invoke(MethodInjectorImpl.java:137)
	at org.jboss.resteasy.core.ResourceMethodInvoker.invokeOnTarget(ResourceMethodInvoker.java:296)
	at org.jboss.resteasy.core.ResourceMethodInvoker.invoke(ResourceMethodInvoker.java:250)
	at org.jboss.resteasy.core.ResourceLocatorInvoker.invokeOnTargetObject(ResourceLocatorInvoker.java:140)
	at org.jboss.resteasy.core.ResourceLocatorInvoker.invoke(ResourceLocatorInvoker.java:103)
	at org.jboss.resteasy.core.SynchronousDispatcher.invoke(SynchronousDispatcher.java:377)
	at org.jboss.resteasy.core.SynchronousDispatcher.invoke(SynchronousDispatcher.java:200)
	at org.jboss.resteasy.plugins.server.servlet.ServletContainerDispatcher.service(ServletContainerDispatcher.java:220)
	at org.jboss.resteasy.plugins.server.servlet.HttpServletDispatcher.service(HttpServletDispatcher.java:56)
	at org.jboss.resteasy.plugins.server.servlet.HttpServletDispatcher.service(HttpServletDispatcher.java:51)
	at javax.servlet.http.HttpServlet.service(HttpServlet.java:741)
	at org.apache.catalina.core.ApplicationFilterChain.internalDoFilter(ApplicationFilterChain.java:231)
	at org.apache.catalina.core.ApplicationFilterChain.doFilter(ApplicationFilterChain.java:166)
	at org.apache.tomcat.websocket.server.WsFilter.doFilter(WsFilter.java:53)
	at org.apache.catalina.core.ApplicationFilterChain.internalDoFilter(ApplicationFilterChain.java:193)
	at org.apache.catalina.core.ApplicationFilterChain.doFilter(ApplicationFilterChain.java:166)
	at org.camunda.bpm.engine.rest.filter.CacheControlFilter.doFilter(CacheControlFilter.java:41)
	at org.apache.catalina.core.ApplicationFilterChain.internalDoFilter(ApplicationFilterChain.java:193)
	at org.apache.catalina.core.ApplicationFilterChain.doFilter(ApplicationFilterChain.java:166)
	at org.camunda.bpm.engine.rest.filter.EmptyBodyFilter.doFilter(EmptyBodyFilter.java:95)
	at org.apache.catalina.core.ApplicationFilterChain.internalDoFilter(ApplicationFilterChain.java:193)
	at org.apache.catalina.core.ApplicationFilterChain.doFilter(ApplicationFilterChain.java:166)
	at org.apache.catalina.filters.CorsFilter.handleSimpleCORS(CorsFilter.java:301)
	at org.apache.catalina.filters.CorsFilter.doFilter(CorsFilter.java:161)
	at org.apache.catalina.core.ApplicationFilterChain.internalDoFilter(ApplicationFilterChain.java:193)
	at org.apache.catalina.core.ApplicationFilterChain.doFilter(ApplicationFilterChain.java:166)
	at org.apache.catalina.core.StandardWrapperValve.invoke(StandardWrapperValve.java:199)
	at org.apache.catalina.core.StandardContextValve.invoke(StandardContextValve.java:96)
	at org.apache.catalina.core.StandardHostValve.invoke(StandardHostValve.java:137)
	at org.apache.catalina.valves.ErrorReportValve.invoke(ErrorReportValve.java:81)
	at org.apache.catalina.valves.AbstractAccessLogValve.invoke(AbstractAccessLogValve.java:651)
	at org.apache.catalina.core.StandardEngineValve.invoke(StandardEngineValve.java:87)
	at org.apache.catalina.connector.CoyoteAdapter.service(CoyoteAdapter.java:342)
	at org.apache.coyote.http11.Http11Processor.service(Http11Processor.java:409)
	at org.apache.coyote.AbstractProcessorLight.process(AbstractProcessorLight.java:66)
	at org.apache.coyote.AbstractProtocol$ConnectionHandler.process(AbstractProtocol.java:754)
	at org.apache.tomcat.util.net.NioEndpoint$SocketProcessor.doRun(NioEndpoint.java:1376)
	at org.apache.tomcat.util.net.SocketProcessorBase.run(SocketProcessorBase.java:49)
	at java.util.concurrent.ThreadPoolExecutor.runWorker(Unknown Source)
	at java.util.concurrent.ThreadPoolExecutor$Worker.run(Unknown Source)
	at org.apache.tomcat.util.threads.TaskThread$WrappingRunnable.run(TaskThread.java:61)
	at java.lang.Thread.run(Unknown Source)

04-Jul-2018 19:08:58.478 AVVERTENZA [http-nio-8080-exec-3] org.camunda.bpm.engine.rest.exception.RestExceptionHandler.toResponse org.camunda.bpm.engine.rest.exception.RestException: org.camunda.bpm.engine.MismatchingMessageCorrelationException: Cannot correlate message 'NameConfirmation': No process definition or execution matches the parameters
	at org.camunda.bpm.engine.rest.impl.MessageRestServiceImpl.deliverMessage(MessageRestServiceImpl.java:69)
	at sun.reflect.NativeMethodAccessorImpl.invoke0(Native Method)
	at sun.reflect.NativeMethodAccessorImpl.invoke(Unknown Source)
	at sun.reflect.DelegatingMethodAccessorImpl.invoke(Unknown Source)
	at java.lang.reflect.Method.invoke(Unknown Source)
	at org.jboss.resteasy.core.MethodInjectorImpl.invoke(MethodInjectorImpl.java:137)
	at org.jboss.resteasy.core.ResourceMethodInvoker.invokeOnTarget(ResourceMethodInvoker.java:296)
	at org.jboss.resteasy.core.ResourceMethodInvoker.invoke(ResourceMethodInvoker.java:250)
	at org.jboss.resteasy.core.ResourceLocatorInvoker.invokeOnTargetObject(ResourceLocatorInvoker.java:140)
	at org.jboss.resteasy.core.ResourceLocatorInvoker.invoke(ResourceLocatorInvoker.java:103)
	at org.jboss.resteasy.core.SynchronousDispatcher.invoke(SynchronousDispatcher.java:377)
	at org.jboss.resteasy.core.SynchronousDispatcher.invoke(SynchronousDispatcher.java:200)
	at org.jboss.resteasy.plugins.server.servlet.ServletContainerDispatcher.service(ServletContainerDispatcher.java:220)
	at org.jboss.resteasy.plugins.server.servlet.HttpServletDispatcher.service(HttpServletDispatcher.java:56)
	at org.jboss.resteasy.plugins.server.servlet.HttpServletDispatcher.service(HttpServletDispatcher.java:51)
	at javax.servlet.http.HttpServlet.service(HttpServlet.java:741)
	at org.apache.catalina.core.ApplicationFilterChain.internalDoFilter(ApplicationFilterChain.java:231)
	at org.apache.catalina.core.ApplicationFilterChain.doFilter(ApplicationFilterChain.java:166)
	at org.apache.tomcat.websocket.server.WsFilter.doFilter(WsFilter.java:53)
	at org.apache.catalina.core.ApplicationFilterChain.internalDoFilter(ApplicationFilterChain.java:193)
	at org.apache.catalina.core.ApplicationFilterChain.doFilter(ApplicationFilterChain.java:166)
	at org.camunda.bpm.engine.rest.filter.CacheControlFilter.doFilter(CacheControlFilter.java:41)
	at org.apache.catalina.core.ApplicationFilterChain.internalDoFilter(ApplicationFilterChain.java:193)
	at org.apache.catalina.core.ApplicationFilterChain.doFilter(ApplicationFilterChain.java:166)
	at org.camunda.bpm.engine.rest.filter.EmptyBodyFilter.doFilter(EmptyBodyFilter.java:95)
	at org.apache.catalina.core.ApplicationFilterChain.internalDoFilter(ApplicationFilterChain.java:193)
	at org.apache.catalina.core.ApplicationFilterChain.doFilter(ApplicationFilterChain.java:166)
	at org.apache.catalina.filters.CorsFilter.handleSimpleCORS(CorsFilter.java:301)
	at org.apache.catalina.filters.CorsFilter.doFilter(CorsFilter.java:161)
	at org.apache.catalina.core.ApplicationFilterChain.internalDoFilter(ApplicationFilterChain.java:193)
	at org.apache.catalina.core.ApplicationFilterChain.doFilter(ApplicationFilterChain.java:166)
	at org.apache.catalina.core.StandardWrapperValve.invoke(StandardWrapperValve.java:199)
	at org.apache.catalina.core.StandardContextValve.invoke(StandardContextValve.java:96)
	at org.apache.catalina.core.StandardHostValve.invoke(StandardHostValve.java:137)
	at org.apache.catalina.valves.ErrorReportValve.invoke(ErrorReportValve.java:81)
	at org.apache.catalina.valves.AbstractAccessLogValve.invoke(AbstractAccessLogValve.java:651)
	at org.apache.catalina.core.StandardEngineValve.invoke(StandardEngineValve.java:87)
	at org.apache.catalina.connector.CoyoteAdapter.service(CoyoteAdapter.java:342)
	at org.apache.coyote.http11.Http11Processor.service(Http11Processor.java:409)
	at org.apache.coyote.AbstractProcessorLight.process(AbstractProcessorLight.java:66)
	at org.apache.coyote.AbstractProtocol$ConnectionHandler.process(AbstractProtocol.java:754)
	at org.apache.tomcat.util.net.NioEndpoint$SocketProcessor.doRun(NioEndpoint.java:1376)
	at org.apache.tomcat.util.net.SocketProcessorBase.run(SocketProcessorBase.java:49)
	at java.util.concurrent.ThreadPoolExecutor.runWorker(Unknown Source)
	at java.util.concurrent.ThreadPoolExecutor$Worker.run(Unknown Source)
	at org.apache.tomcat.util.threads.TaskThread$WrappingRunnable.run(TaskThread.java:61)
	at java.lang.Thread.run(Unknown Source)
Caused by: org.camunda.bpm.engine.MismatchingMessageCorrelationException: Cannot correlate message 'NameConfirmation': No process definition or execution matches the parameters
	at org.camunda.bpm.engine.impl.cmd.CorrelateMessageCmd.execute(CorrelateMessageCmd.java:61)
	at org.camunda.bpm.engine.impl.cmd.CorrelateMessageCmd.execute(CorrelateMessageCmd.java:36)
	at org.camunda.bpm.engine.impl.interceptor.CommandExecutorImpl.execute(CommandExecutorImpl.java:24)
	at org.camunda.bpm.engine.impl.interceptor.CommandContextInterceptor.execute(CommandContextInterceptor.java:104)
	at org.camunda.bpm.engine.impl.interceptor.ProcessApplicationContextInterceptor.execute(ProcessApplicationContextInterceptor.java:66)
	at org.camunda.bpm.engine.impl.interceptor.LogInterceptor.execute(LogInterceptor.java:30)
	at org.camunda.bpm.engine.impl.MessageCorrelationBuilderImpl.execute(MessageCorrelationBuilderImpl.java:240)
	at org.camunda.bpm.engine.impl.MessageCorrelationBuilderImpl.correlateWithResult(MessageCorrelationBuilderImpl.java:184)
	at org.camunda.bpm.engine.rest.impl.MessageRestServiceImpl.deliverMessage(MessageRestServiceImpl.java:56)
	... 46 more

04-Jul-2018 19:08:58.781 GRAVE [http-nio-8080-exec-1] org.camunda.commons.logging.BaseLogger.logError ENGINE-16004 Exception while closing command context: Cannot correlate message 'NameConfirmation': No process definition or execution matches the parameters
 org.camunda.bpm.engine.MismatchingMessageCorrelationException: Cannot correlate message 'NameConfirmation': No process definition or execution matches the parameters
	at org.camunda.bpm.engine.impl.cmd.CorrelateMessageCmd.execute(CorrelateMessageCmd.java:61)
	at org.camunda.bpm.engine.impl.cmd.CorrelateMessageCmd.execute(CorrelateMessageCmd.java:36)
	at org.camunda.bpm.engine.impl.interceptor.CommandExecutorImpl.execute(CommandExecutorImpl.java:24)
	at org.camunda.bpm.engine.impl.interceptor.CommandContextInterceptor.execute(CommandContextInterceptor.java:104)
	at org.camunda.bpm.engine.impl.interceptor.ProcessApplicationContextInterceptor.execute(ProcessApplicationContextInterceptor.java:66)
	at org.camunda.bpm.engine.impl.interceptor.LogInterceptor.execute(LogInterceptor.java:30)
	at org.camunda.bpm.engine.impl.MessageCorrelationBuilderImpl.execute(MessageCorrelationBuilderImpl.java:240)
	at org.camunda.bpm.engine.impl.MessageCorrelationBuilderImpl.correlateWithResult(MessageCorrelationBuilderImpl.java:184)
	at org.camunda.bpm.engine.rest.impl.MessageRestServiceImpl.deliverMessage(MessageRestServiceImpl.java:56)
	at sun.reflect.NativeMethodAccessorImpl.invoke0(Native Method)
	at sun.reflect.NativeMethodAccessorImpl.invoke(Unknown Source)
	at sun.reflect.DelegatingMethodAccessorImpl.invoke(Unknown Source)
	at java.lang.reflect.Method.invoke(Unknown Source)
	at org.jboss.resteasy.core.MethodInjectorImpl.invoke(MethodInjectorImpl.java:137)
	at org.jboss.resteasy.core.ResourceMethodInvoker.invokeOnTarget(ResourceMethodInvoker.java:296)
	at org.jboss.resteasy.core.ResourceMethodInvoker.invoke(ResourceMethodInvoker.java:250)
	at org.jboss.resteasy.core.ResourceLocatorInvoker.invokeOnTargetObject(ResourceLocatorInvoker.java:140)
	at org.jboss.resteasy.core.ResourceLocatorInvoker.invoke(ResourceLocatorInvoker.java:103)
	at org.jboss.resteasy.core.SynchronousDispatcher.invoke(SynchronousDispatcher.java:377)
	at org.jboss.resteasy.core.SynchronousDispatcher.invoke(SynchronousDispatcher.java:200)
	at org.jboss.resteasy.plugins.server.servlet.ServletContainerDispatcher.service(ServletContainerDispatcher.java:220)
	at org.jboss.resteasy.plugins.server.servlet.HttpServletDispatcher.service(HttpServletDispatcher.java:56)
	at org.jboss.resteasy.plugins.server.servlet.HttpServletDispatcher.service(HttpServletDispatcher.java:51)
	at javax.servlet.http.HttpServlet.service(HttpServlet.java:741)
	at org.apache.catalina.core.ApplicationFilterChain.internalDoFilter(ApplicationFilterChain.java:231)
	at org.apache.catalina.core.ApplicationFilterChain.doFilter(ApplicationFilterChain.java:166)
	at org.apache.tomcat.websocket.server.WsFilter.doFilter(WsFilter.java:53)
	at org.apache.catalina.core.ApplicationFilterChain.internalDoFilter(ApplicationFilterChain.java:193)
	at org.apache.catalina.core.ApplicationFilterChain.doFilter(ApplicationFilterChain.java:166)
	at org.camunda.bpm.engine.rest.filter.CacheControlFilter.doFilter(CacheControlFilter.java:41)
	at org.apache.catalina.core.ApplicationFilterChain.internalDoFilter(ApplicationFilterChain.java:193)
	at org.apache.catalina.core.ApplicationFilterChain.doFilter(ApplicationFilterChain.java:166)
	at org.camunda.bpm.engine.rest.filter.EmptyBodyFilter.doFilter(EmptyBodyFilter.java:95)
	at org.apache.catalina.core.ApplicationFilterChain.internalDoFilter(ApplicationFilterChain.java:193)
	at org.apache.catalina.core.ApplicationFilterChain.doFilter(ApplicationFilterChain.java:166)
	at org.apache.catalina.filters.CorsFilter.handleSimpleCORS(CorsFilter.java:301)
	at org.apache.catalina.filters.CorsFilter.doFilter(CorsFilter.java:161)
	at org.apache.catalina.core.ApplicationFilterChain.internalDoFilter(ApplicationFilterChain.java:193)
	at org.apache.catalina.core.ApplicationFilterChain.doFilter(ApplicationFilterChain.java:166)
	at org.apache.catalina.core.StandardWrapperValve.invoke(StandardWrapperValve.java:199)
	at org.apache.catalina.core.StandardContextValve.invoke(StandardContextValve.java:96)
	at org.apache.catalina.core.StandardHostValve.invoke(StandardHostValve.java:137)
	at org.apache.catalina.valves.ErrorReportValve.invoke(ErrorReportValve.java:81)
	at org.apache.catalina.valves.AbstractAccessLogValve.invoke(AbstractAccessLogValve.java:651)
	at org.apache.catalina.core.StandardEngineValve.invoke(StandardEngineValve.java:87)
	at org.apache.catalina.connector.CoyoteAdapter.service(CoyoteAdapter.java:342)
	at org.apache.coyote.http11.Http11Processor.service(Http11Processor.java:409)
	at org.apache.coyote.AbstractProcessorLight.process(AbstractProcessorLight.java:66)
	at org.apache.coyote.AbstractProtocol$ConnectionHandler.process(AbstractProtocol.java:754)
	at org.apache.tomcat.util.net.NioEndpoint$SocketProcessor.doRun(NioEndpoint.java:1376)
	at org.apache.tomcat.util.net.SocketProcessorBase.run(SocketProcessorBase.java:49)
	at java.util.concurrent.ThreadPoolExecutor.runWorker(Unknown Source)
	at java.util.concurrent.ThreadPoolExecutor$Worker.run(Unknown Source)
	at org.apache.tomcat.util.threads.TaskThread$WrappingRunnable.run(TaskThread.java:61)
	at java.lang.Thread.run(Unknown Source)

04-Jul-2018 19:08:58.787 AVVERTENZA [http-nio-8080-exec-1] org.camunda.bpm.engine.rest.exception.RestExceptionHandler.toResponse org.camunda.bpm.engine.rest.exception.RestException: org.camunda.bpm.engine.MismatchingMessageCorrelationException: Cannot correlate message 'NameConfirmation': No process definition or execution matches the parameters
	at org.camunda.bpm.engine.rest.impl.MessageRestServiceImpl.deliverMessage(MessageRestServiceImpl.java:69)
	at sun.reflect.NativeMethodAccessorImpl.invoke0(Native Method)
	at sun.reflect.NativeMethodAccessorImpl.invoke(Unknown Source)
	at sun.reflect.DelegatingMethodAccessorImpl.invoke(Unknown Source)
	at java.lang.reflect.Method.invoke(Unknown Source)
	at org.jboss.resteasy.core.MethodInjectorImpl.invoke(MethodInjectorImpl.java:137)
	at org.jboss.resteasy.core.ResourceMethodInvoker.invokeOnTarget(ResourceMethodInvoker.java:296)
	at org.jboss.resteasy.core.ResourceMethodInvoker.invoke(ResourceMethodInvoker.java:250)
	at org.jboss.resteasy.core.ResourceLocatorInvoker.invokeOnTargetObject(ResourceLocatorInvoker.java:140)
	at org.jboss.resteasy.core.ResourceLocatorInvoker.invoke(ResourceLocatorInvoker.java:103)
	at org.jboss.resteasy.core.SynchronousDispatcher.invoke(SynchronousDispatcher.java:377)
	at org.jboss.resteasy.core.SynchronousDispatcher.invoke(SynchronousDispatcher.java:200)
	at org.jboss.resteasy.plugins.server.servlet.ServletContainerDispatcher.service(ServletContainerDispatcher.java:220)
	at org.jboss.resteasy.plugins.server.servlet.HttpServletDispatcher.service(HttpServletDispatcher.java:56)
	at org.jboss.resteasy.plugins.server.servlet.HttpServletDispatcher.service(HttpServletDispatcher.java:51)
	at javax.servlet.http.HttpServlet.service(HttpServlet.java:741)
	at org.apache.catalina.core.ApplicationFilterChain.internalDoFilter(ApplicationFilterChain.java:231)
	at org.apache.catalina.core.ApplicationFilterChain.doFilter(ApplicationFilterChain.java:166)
	at org.apache.tomcat.websocket.server.WsFilter.doFilter(WsFilter.java:53)
	at org.apache.catalina.core.ApplicationFilterChain.internalDoFilter(ApplicationFilterChain.java:193)
	at org.apache.catalina.core.ApplicationFilterChain.doFilter(ApplicationFilterChain.java:166)
	at org.camunda.bpm.engine.rest.filter.CacheControlFilter.doFilter(CacheControlFilter.java:41)
	at org.apache.catalina.core.ApplicationFilterChain.internalDoFilter(ApplicationFilterChain.java:193)
	at org.apache.catalina.core.ApplicationFilterChain.doFilter(ApplicationFilterChain.java:166)
	at org.camunda.bpm.engine.rest.filter.EmptyBodyFilter.doFilter(EmptyBodyFilter.java:95)
	at org.apache.catalina.core.ApplicationFilterChain.internalDoFilter(ApplicationFilterChain.java:193)
	at org.apache.catalina.core.ApplicationFilterChain.doFilter(ApplicationFilterChain.java:166)
	at org.apache.catalina.filters.CorsFilter.handleSimpleCORS(CorsFilter.java:301)
	at org.apache.catalina.filters.CorsFilter.doFilter(CorsFilter.java:161)
	at org.apache.catalina.core.ApplicationFilterChain.internalDoFilter(ApplicationFilterChain.java:193)
	at org.apache.catalina.core.ApplicationFilterChain.doFilter(ApplicationFilterChain.java:166)
	at org.apache.catalina.core.StandardWrapperValve.invoke(StandardWrapperValve.java:199)
	at org.apache.catalina.core.StandardContextValve.invoke(StandardContextValve.java:96)
	at org.apache.catalina.core.StandardHostValve.invoke(StandardHostValve.java:137)
	at org.apache.catalina.valves.ErrorReportValve.invoke(ErrorReportValve.java:81)
	at org.apache.catalina.valves.AbstractAccessLogValve.invoke(AbstractAccessLogValve.java:651)
	at org.apache.catalina.core.StandardEngineValve.invoke(StandardEngineValve.java:87)
	at org.apache.catalina.connector.CoyoteAdapter.service(CoyoteAdapter.java:342)
	at org.apache.coyote.http11.Http11Processor.service(Http11Processor.java:409)
	at org.apache.coyote.AbstractProcessorLight.process(AbstractProcessorLight.java:66)
	at org.apache.coyote.AbstractProtocol$ConnectionHandler.process(AbstractProtocol.java:754)
	at org.apache.tomcat.util.net.NioEndpoint$SocketProcessor.doRun(NioEndpoint.java:1376)
	at org.apache.tomcat.util.net.SocketProcessorBase.run(SocketProcessorBase.java:49)
	at java.util.concurrent.ThreadPoolExecutor.runWorker(Unknown Source)
	at java.util.concurrent.ThreadPoolExecutor$Worker.run(Unknown Source)
	at org.apache.tomcat.util.threads.TaskThread$WrappingRunnable.run(TaskThread.java:61)
	at java.lang.Thread.run(Unknown Source)
Caused by: org.camunda.bpm.engine.MismatchingMessageCorrelationException: Cannot correlate message 'NameConfirmation': No process definition or execution matches the parameters
	at org.camunda.bpm.engine.impl.cmd.CorrelateMessageCmd.execute(CorrelateMessageCmd.java:61)
	at org.camunda.bpm.engine.impl.cmd.CorrelateMessageCmd.execute(CorrelateMessageCmd.java:36)
	at org.camunda.bpm.engine.impl.interceptor.CommandExecutorImpl.execute(CommandExecutorImpl.java:24)
	at org.camunda.bpm.engine.impl.interceptor.CommandContextInterceptor.execute(CommandContextInterceptor.java:104)
	at org.camunda.bpm.engine.impl.interceptor.ProcessApplicationContextInterceptor.execute(ProcessApplicationContextInterceptor.java:66)
	at org.camunda.bpm.engine.impl.interceptor.LogInterceptor.execute(LogInterceptor.java:30)
	at org.camunda.bpm.engine.impl.MessageCorrelationBuilderImpl.execute(MessageCorrelationBuilderImpl.java:240)
	at org.camunda.bpm.engine.impl.MessageCorrelationBuilderImpl.correlateWithResult(MessageCorrelationBuilderImpl.java:184)
	at org.camunda.bpm.engine.rest.impl.MessageRestServiceImpl.deliverMessage(MessageRestServiceImpl.java:56)
	... 46 more

04-Jul-2018 19:16:44.426 INFORMAZIONI [Thread-8] org.camunda.commons.logging.BaseLogger.logInfo ENGINE-14015 Shutting down the JobExecutor[org.camunda.bpm.engine.impl.jobexecutor.RuntimeContainerJobExecutor]
04-Jul-2018 19:16:44.427 INFORMAZIONI [Thread-6] org.camunda.commons.logging.BaseLogger.logInfo ENGINE-14020 JobExecutor[org.camunda.bpm.engine.impl.jobexecutor.RuntimeContainerJobExecutor] stopped job acquisition
04-Jul-2018 19:16:44.445 INFORMAZIONI [Thread-8] org.camunda.commons.logging.BaseLogger.logInfo ENGINE-08051 Process application camunda-invoice undeployed
04-Jul-2018 19:16:44.450 INFORMAZIONI [Thread-8] org.camunda.commons.logging.BaseLogger.logInfo ENGINE-00007 Process Engine default closed
04-Jul-2018 19:16:44.450 INFORMAZIONI [Thread-8] org.camunda.commons.logging.BaseLogger.logInfo ENGINE-08049 Camunda BPM platform stopped at 'Apache Tomcat/9.0.5'
04-Jul-2018 19:16:44.451 INFORMAZIONI [Thread-8] org.apache.coyote.AbstractProtocol.pause Pausing ProtocolHandler ["http-nio-8080"]
04-Jul-2018 19:16:44.629 INFORMAZIONI [Thread-8] org.apache.coyote.AbstractProtocol.pause Pausing ProtocolHandler ["ajp-nio-8009"]
04-Jul-2018 19:16:44.785 INFORMAZIONI [Thread-8] org.apache.catalina.core.StandardService.stopInternal Stopping service [Catalina]
04-Jul-2018 19:16:44.827 AVVERTENZA [Thread-8] org.camunda.commons.logging.BaseLogger.logWarn ENGINE-07017 Calling undeploy() on process application that is not deployed.
04-Jul-2018 19:16:44.893 INFORMAZIONI [Thread-8] org.apache.coyote.AbstractProtocol.stop Stopping ProtocolHandler ["http-nio-8080"]
04-Jul-2018 19:16:44.894 INFORMAZIONI [Thread-8] org.apache.coyote.AbstractProtocol.stop Stopping ProtocolHandler ["ajp-nio-8009"]
04-Jul-2018 19:16:44.896 INFORMAZIONI [Thread-8] org.apache.coyote.AbstractProtocol.destroy Destroying ProtocolHandler ["http-nio-8080"]
04-Jul-2018 19:16:44.897 INFORMAZIONI [Thread-8] org.apache.coyote.AbstractProtocol.destroy Destroying ProtocolHandler ["ajp-nio-8009"]
