08-Jul-2018 18:38:04.614 INFO [main] org.apache.catalina.startup.VersionLoggerListener.log Server version:        Apache Tomcat/9.0.5
08-Jul-2018 18:38:04.620 INFO [main] org.apache.catalina.startup.VersionLoggerListener.log Server built:          Feb 6 2018 21:42:23 UTC
08-Jul-2018 18:38:04.620 INFO [main] org.apache.catalina.startup.VersionLoggerListener.log Server number:         9.0.5.0
08-Jul-2018 18:38:04.621 INFO [main] org.apache.catalina.startup.VersionLoggerListener.log OS Name:               Mac OS X
08-Jul-2018 18:38:04.621 INFO [main] org.apache.catalina.startup.VersionLoggerListener.log OS Version:            10.13.5
08-Jul-2018 18:38:04.621 INFO [main] org.apache.catalina.startup.VersionLoggerListener.log Architecture:          x86_64
08-Jul-2018 18:38:04.621 INFO [main] org.apache.catalina.startup.VersionLoggerListener.log Java Home:             /Library/Java/JavaVirtualMachines/jdk1.8.0_112.jdk/Contents/Home/jre
08-Jul-2018 18:38:04.621 INFO [main] org.apache.catalina.startup.VersionLoggerListener.log JVM Version:           1.8.0_112-b16
08-Jul-2018 18:38:04.622 INFO [main] org.apache.catalina.startup.VersionLoggerListener.log JVM Vendor:            Oracle Corporation
08-Jul-2018 18:38:04.622 INFO [main] org.apache.catalina.startup.VersionLoggerListener.log CATALINA_BASE:         /Users/francescovona/Documents/POLI/2 ANNO SP. /2 SEMESTRE/PSD/psd-project/camunda-bpm-ee-tomcat-7.9.0-ee/server/apache-tomcat-9.0.5
08-Jul-2018 18:38:04.622 INFO [main] org.apache.catalina.startup.VersionLoggerListener.log CATALINA_HOME:         /Users/francescovona/Documents/POLI/2 ANNO SP. /2 SEMESTRE/PSD/psd-project/camunda-bpm-ee-tomcat-7.9.0-ee/server/apache-tomcat-9.0.5
08-Jul-2018 18:38:04.624 INFO [main] org.apache.catalina.startup.VersionLoggerListener.log Command line argument: -Djava.util.logging.config.file=./server/apache-tomcat-9.0.5/conf/logging.properties
08-Jul-2018 18:38:04.624 INFO [main] org.apache.catalina.startup.VersionLoggerListener.log Command line argument: -Djava.util.logging.manager=org.apache.juli.ClassLoaderLogManager
08-Jul-2018 18:38:04.624 INFO [main] org.apache.catalina.startup.VersionLoggerListener.log Command line argument: -Djdk.tls.ephemeralDHKeySize=2048
08-Jul-2018 18:38:04.624 INFO [main] org.apache.catalina.startup.VersionLoggerListener.log Command line argument: -Djava.protocol.handler.pkgs=org.apache.catalina.webresources
08-Jul-2018 18:38:04.624 INFO [main] org.apache.catalina.startup.VersionLoggerListener.log Command line argument: -Xmx512m
08-Jul-2018 18:38:04.625 INFO [main] org.apache.catalina.startup.VersionLoggerListener.log Command line argument: -XX:MaxPermSize=256m
08-Jul-2018 18:38:04.625 INFO [main] org.apache.catalina.startup.VersionLoggerListener.log Command line argument: -XX:PermSize=256m
08-Jul-2018 18:38:04.625 INFO [main] org.apache.catalina.startup.VersionLoggerListener.log Command line argument: -Dignore.endorsed.dirs=
08-Jul-2018 18:38:04.625 INFO [main] org.apache.catalina.startup.VersionLoggerListener.log Command line argument: -Dcatalina.base=./server/apache-tomcat-9.0.5
08-Jul-2018 18:38:04.625 INFO [main] org.apache.catalina.startup.VersionLoggerListener.log Command line argument: -Dcatalina.home=./server/apache-tomcat-9.0.5
08-Jul-2018 18:38:04.625 INFO [main] org.apache.catalina.startup.VersionLoggerListener.log Command line argument: -Djava.io.tmpdir=./server/apache-tomcat-9.0.5/temp
08-Jul-2018 18:38:04.626 INFO [main] org.apache.catalina.core.AprLifecycleListener.lifecycleEvent The APR based Apache Tomcat Native library which allows optimal performance in production environments was not found on the java.library.path: [/Users/francescovona/Library/Java/Extensions:/Library/Java/Extensions:/Network/Library/Java/Extensions:/System/Library/Java/Extensions:/usr/lib/java:.]
08-Jul-2018 18:38:04.940 INFO [main] org.apache.coyote.AbstractProtocol.init Initializing ProtocolHandler ["http-nio-8080"]
08-Jul-2018 18:38:04.987 SEVERE [main] org.apache.catalina.util.LifecycleBase.handleSubClassException Failed to initialize component [Connector[HTTP/1.1-8080]]
 org.apache.catalina.LifecycleException: Protocol handler initialization failed
	at org.apache.catalina.connector.Connector.initInternal(Connector.java:935)
	at org.apache.catalina.util.LifecycleBase.init(LifecycleBase.java:136)
	at org.apache.catalina.core.StandardService.initInternal(StandardService.java:530)
	at org.apache.catalina.util.LifecycleBase.init(LifecycleBase.java:136)
	at org.apache.catalina.core.StandardServer.initInternal(StandardServer.java:852)
	at org.apache.catalina.util.LifecycleBase.init(LifecycleBase.java:136)
	at org.apache.catalina.startup.Catalina.load(Catalina.java:633)
	at org.apache.catalina.startup.Catalina.load(Catalina.java:656)
	at sun.reflect.NativeMethodAccessorImpl.invoke0(Native Method)
	at sun.reflect.NativeMethodAccessorImpl.invoke(NativeMethodAccessorImpl.java:62)
	at sun.reflect.DelegatingMethodAccessorImpl.invoke(DelegatingMethodAccessorImpl.java:43)
	at java.lang.reflect.Method.invoke(Method.java:498)
	at org.apache.catalina.startup.Bootstrap.load(Bootstrap.java:309)
	at org.apache.catalina.startup.Bootstrap.main(Bootstrap.java:492)
Caused by: java.net.BindException: Address already in use
	at sun.nio.ch.Net.bind0(Native Method)
	at sun.nio.ch.Net.bind(Net.java:433)
	at sun.nio.ch.Net.bind(Net.java:425)
	at sun.nio.ch.ServerSocketChannelImpl.bind(ServerSocketChannelImpl.java:223)
	at sun.nio.ch.ServerSocketAdaptor.bind(ServerSocketAdaptor.java:74)
	at org.apache.tomcat.util.net.NioEndpoint.initServerSocket(NioEndpoint.java:227)
	at org.apache.tomcat.util.net.NioEndpoint.bind(NioEndpoint.java:202)
	at org.apache.tomcat.util.net.AbstractEndpoint.init(AbstractEndpoint.java:1043)
	at org.apache.coyote.AbstractProtocol.init(AbstractProtocol.java:540)
	at org.apache.coyote.http11.AbstractHttp11Protocol.init(AbstractHttp11Protocol.java:74)
	at org.apache.catalina.connector.Connector.initInternal(Connector.java:932)
	... 13 more

08-Jul-2018 18:38:04.989 INFO [main] org.apache.coyote.AbstractProtocol.init Initializing ProtocolHandler ["ajp-nio-8009"]
08-Jul-2018 18:38:04.991 SEVERE [main] org.apache.catalina.util.LifecycleBase.handleSubClassException Failed to initialize component [Connector[AJP/1.3-8009]]
 org.apache.catalina.LifecycleException: Protocol handler initialization failed
	at org.apache.catalina.connector.Connector.initInternal(Connector.java:935)
	at org.apache.catalina.util.LifecycleBase.init(LifecycleBase.java:136)
	at org.apache.catalina.core.StandardService.initInternal(StandardService.java:530)
	at org.apache.catalina.util.LifecycleBase.init(LifecycleBase.java:136)
	at org.apache.catalina.core.StandardServer.initInternal(StandardServer.java:852)
	at org.apache.catalina.util.LifecycleBase.init(LifecycleBase.java:136)
	at org.apache.catalina.startup.Catalina.load(Catalina.java:633)
	at org.apache.catalina.startup.Catalina.load(Catalina.java:656)
	at sun.reflect.NativeMethodAccessorImpl.invoke0(Native Method)
	at sun.reflect.NativeMethodAccessorImpl.invoke(NativeMethodAccessorImpl.java:62)
	at sun.reflect.DelegatingMethodAccessorImpl.invoke(DelegatingMethodAccessorImpl.java:43)
	at java.lang.reflect.Method.invoke(Method.java:498)
	at org.apache.catalina.startup.Bootstrap.load(Bootstrap.java:309)
	at org.apache.catalina.startup.Bootstrap.main(Bootstrap.java:492)
Caused by: java.net.BindException: Address already in use
	at sun.nio.ch.Net.bind0(Native Method)
	at sun.nio.ch.Net.bind(Net.java:433)
	at sun.nio.ch.Net.bind(Net.java:425)
	at sun.nio.ch.ServerSocketChannelImpl.bind(ServerSocketChannelImpl.java:223)
	at sun.nio.ch.ServerSocketAdaptor.bind(ServerSocketAdaptor.java:74)
	at org.apache.tomcat.util.net.NioEndpoint.initServerSocket(NioEndpoint.java:227)
	at org.apache.tomcat.util.net.NioEndpoint.bind(NioEndpoint.java:202)
	at org.apache.tomcat.util.net.AbstractEndpoint.init(AbstractEndpoint.java:1043)
	at org.apache.coyote.AbstractProtocol.init(AbstractProtocol.java:540)
	at org.apache.catalina.connector.Connector.initInternal(Connector.java:932)
	... 13 more

08-Jul-2018 18:38:04.992 INFO [main] org.apache.catalina.startup.Catalina.load Initialization processed in 1274 ms
08-Jul-2018 18:38:05.636 INFO [main] org.camunda.commons.logging.BaseLogger.logInfo ENGINE-08046 Found camunda bpm platform configuration in CATALINA_BASE/CATALINA_HOME conf directory [/Users/francescovona/Documents/POLI/2 ANNO SP. /2 SEMESTRE/PSD/psd-project/camunda-bpm-ee-tomcat-7.9.0-ee/server/apache-tomcat-9.0.5/conf/bpm-platform.xml] at 'file:/Users/francescovona/Documents/POLI/2%20ANNO%20SP.%20/2%20SEMESTRE/PSD/psd-project/camunda-bpm-ee-tomcat-7.9.0-ee/server/apache-tomcat-9.0.5/conf/bpm-platform.xml'
08-Jul-2018 18:38:05.967 INFO [main] org.camunda.commons.logging.BaseLogger.logInfo ENGINE-12003 Plugin 'ProcessApplicationEventListenerPlugin' activated on process engine 'default'
08-Jul-2018 18:38:05.978 INFO [main] org.camunda.commons.logging.BaseLogger.logInfo ENGINE-12003 Plugin 'SpinProcessEnginePlugin' activated on process engine 'default'
08-Jul-2018 18:38:05.986 INFO [main] org.camunda.commons.logging.BaseLogger.logInfo SPIN-01010 Discovered Spin data format provider: org.camunda.spin.impl.json.jackson.format.JacksonJsonDataFormatProvider[name = application/json]
08-Jul-2018 18:38:06.450 INFO [main] org.camunda.commons.logging.BaseLogger.logInfo SPIN-01010 Discovered Spin data format provider: org.camunda.spin.impl.xml.dom.format.DomXmlDataFormatProvider[name = application/xml]
08-Jul-2018 18:38:06.471 INFO [main] org.camunda.commons.logging.BaseLogger.logInfo SPIN-01009 Discovered Spin data format: org.camunda.spin.impl.xml.dom.format.DomXmlDataFormat[name = application/xml]
08-Jul-2018 18:38:06.472 INFO [main] org.camunda.commons.logging.BaseLogger.logInfo SPIN-01009 Discovered Spin data format: org.camunda.spin.impl.json.jackson.format.JacksonJsonDataFormat[name = application/json]
08-Jul-2018 18:38:06.472 INFO [main] org.camunda.commons.logging.BaseLogger.logInfo ENGINE-12003 Plugin 'ConnectProcessEnginePlugin' activated on process engine 'default'
08-Jul-2018 18:38:06.815 INFO [main] org.camunda.commons.logging.BaseLogger.logInfo CNCT-01004 Discovered provider for connector id 'http-connector' and class 'org.camunda.connect.httpclient.impl.HttpConnectorImpl': 'org.camunda.connect.httpclient.impl.HttpConnectorProviderImpl'
08-Jul-2018 18:38:06.819 INFO [main] org.camunda.commons.logging.BaseLogger.logInfo CNCT-01004 Discovered provider for connector id 'soap-http-connector' and class 'org.camunda.connect.httpclient.soap.impl.SoapHttpConnectorImpl': 'org.camunda.connect.httpclient.soap.impl.SoapHttpConnectorProviderImpl'
08-Jul-2018 18:38:11.839 INFO [main] org.camunda.commons.logging.BaseLogger.logInfo ENGINE-00001 Process Engine default created.
08-Jul-2018 18:38:11.842 INFO [main] org.camunda.commons.logging.BaseLogger.logInfo ENGINE-14014 Starting up the JobExecutor[org.camunda.bpm.engine.impl.jobexecutor.RuntimeContainerJobExecutor].
08-Jul-2018 18:38:11.845 INFO [Thread-4] org.camunda.commons.logging.BaseLogger.logInfo ENGINE-14018 JobExecutor[org.camunda.bpm.engine.impl.jobexecutor.RuntimeContainerJobExecutor] starting to acquire jobs
08-Jul-2018 18:38:12.006 INFO [main] org.camunda.commons.logging.BaseLogger.logInfo ENGINE-08048 Camunda BPM platform sucessfully started at 'Apache Tomcat/9.0.5'.
08-Jul-2018 18:38:12.027 INFO [main] org.apache.catalina.core.StandardService.startInternal Starting service [Catalina]
08-Jul-2018 18:38:12.027 INFO [main] org.apache.catalina.core.StandardEngine.startInternal Starting Servlet Engine: Apache Tomcat/9.0.5
08-Jul-2018 18:38:12.036 INFO [main] org.apache.catalina.startup.HostConfig.deployDirectory Deploying web application directory [/Users/francescovona/Documents/POLI/2 ANNO SP. /2 SEMESTRE/PSD/psd-project/camunda-bpm-ee-tomcat-7.9.0-ee/server/apache-tomcat-9.0.5/webapps/camunda-welcome]
08-Jul-2018 18:38:15.627 INFO [main] org.apache.jasper.servlet.TldScanner.scanJars At least one JAR was scanned for TLDs yet contained no TLDs. Enable debug logging for this logger for a complete list of JARs that were scanned but no TLDs were found in them. Skipping unneeded JARs during scanning can improve startup time and JSP compilation time.
08-Jul-2018 18:38:15.667 INFO [main] org.apache.catalina.startup.HostConfig.deployDirectory Deployment of web application directory [/Users/francescovona/Documents/POLI/2 ANNO SP. /2 SEMESTRE/PSD/psd-project/camunda-bpm-ee-tomcat-7.9.0-ee/server/apache-tomcat-9.0.5/webapps/camunda-welcome] has finished in [3,630] ms
08-Jul-2018 18:38:15.667 INFO [main] org.apache.catalina.startup.HostConfig.deployDirectory Deploying web application directory [/Users/francescovona/Documents/POLI/2 ANNO SP. /2 SEMESTRE/PSD/psd-project/camunda-bpm-ee-tomcat-7.9.0-ee/server/apache-tomcat-9.0.5/webapps/engine-rest]
08-Jul-2018 18:38:18.984 INFO [main] org.apache.jasper.servlet.TldScanner.scanJars At least one JAR was scanned for TLDs yet contained no TLDs. Enable debug logging for this logger for a complete list of JARs that were scanned but no TLDs were found in them. Skipping unneeded JARs during scanning can improve startup time and JSP compilation time.
08-Jul-2018 18:38:19.337 INFO [main] org.apache.catalina.startup.HostConfig.deployDirectory Deployment of web application directory [/Users/francescovona/Documents/POLI/2 ANNO SP. /2 SEMESTRE/PSD/psd-project/camunda-bpm-ee-tomcat-7.9.0-ee/server/apache-tomcat-9.0.5/webapps/engine-rest] has finished in [3,670] ms
08-Jul-2018 18:38:19.338 INFO [main] org.apache.catalina.startup.HostConfig.deployDirectory Deploying web application directory [/Users/francescovona/Documents/POLI/2 ANNO SP. /2 SEMESTRE/PSD/psd-project/camunda-bpm-ee-tomcat-7.9.0-ee/server/apache-tomcat-9.0.5/webapps/h2]
08-Jul-2018 18:38:21.670 INFO [main] org.apache.jasper.servlet.TldScanner.scanJars At least one JAR was scanned for TLDs yet contained no TLDs. Enable debug logging for this logger for a complete list of JARs that were scanned but no TLDs were found in them. Skipping unneeded JARs during scanning can improve startup time and JSP compilation time.
08-Jul-2018 18:38:21.680 INFO [main] org.apache.catalina.startup.HostConfig.deployDirectory Deployment of web application directory [/Users/francescovona/Documents/POLI/2 ANNO SP. /2 SEMESTRE/PSD/psd-project/camunda-bpm-ee-tomcat-7.9.0-ee/server/apache-tomcat-9.0.5/webapps/h2] has finished in [2,341] ms
08-Jul-2018 18:38:21.680 INFO [main] org.apache.catalina.startup.HostConfig.deployDirectory Deploying web application directory [/Users/francescovona/Documents/POLI/2 ANNO SP. /2 SEMESTRE/PSD/psd-project/camunda-bpm-ee-tomcat-7.9.0-ee/server/apache-tomcat-9.0.5/webapps/camunda]
08-Jul-2018 18:38:24.146 INFO [main] org.apache.jasper.servlet.TldScanner.scanJars At least one JAR was scanned for TLDs yet contained no TLDs. Enable debug logging for this logger for a complete list of JARs that were scanned but no TLDs were found in them. Skipping unneeded JARs during scanning can improve startup time and JSP compilation time.
08-Jul-2018 18:38:24.560 INFO [main] org.apache.catalina.startup.HostConfig.deployDirectory Deployment of web application directory [/Users/francescovona/Documents/POLI/2 ANNO SP. /2 SEMESTRE/PSD/psd-project/camunda-bpm-ee-tomcat-7.9.0-ee/server/apache-tomcat-9.0.5/webapps/camunda] has finished in [2,880] ms
08-Jul-2018 18:38:24.561 INFO [main] org.apache.catalina.startup.HostConfig.deployDirectory Deploying web application directory [/Users/francescovona/Documents/POLI/2 ANNO SP. /2 SEMESTRE/PSD/psd-project/camunda-bpm-ee-tomcat-7.9.0-ee/server/apache-tomcat-9.0.5/webapps/docs]
08-Jul-2018 18:38:26.430 INFO [main] org.apache.jasper.servlet.TldScanner.scanJars At least one JAR was scanned for TLDs yet contained no TLDs. Enable debug logging for this logger for a complete list of JARs that were scanned but no TLDs were found in them. Skipping unneeded JARs during scanning can improve startup time and JSP compilation time.
08-Jul-2018 18:38:26.432 INFO [main] org.apache.catalina.startup.HostConfig.deployDirectory Deployment of web application directory [/Users/francescovona/Documents/POLI/2 ANNO SP. /2 SEMESTRE/PSD/psd-project/camunda-bpm-ee-tomcat-7.9.0-ee/server/apache-tomcat-9.0.5/webapps/docs] has finished in [1,871] ms
08-Jul-2018 18:38:26.432 INFO [main] org.apache.catalina.startup.HostConfig.deployDirectory Deploying web application directory [/Users/francescovona/Documents/POLI/2 ANNO SP. /2 SEMESTRE/PSD/psd-project/camunda-bpm-ee-tomcat-7.9.0-ee/server/apache-tomcat-9.0.5/webapps/manager]
08-Jul-2018 18:38:28.352 INFO [main] org.apache.jasper.servlet.TldScanner.scanJars At least one JAR was scanned for TLDs yet contained no TLDs. Enable debug logging for this logger for a complete list of JARs that were scanned but no TLDs were found in them. Skipping unneeded JARs during scanning can improve startup time and JSP compilation time.
08-Jul-2018 18:38:28.358 INFO [main] org.apache.catalina.startup.HostConfig.deployDirectory Deployment of web application directory [/Users/francescovona/Documents/POLI/2 ANNO SP. /2 SEMESTRE/PSD/psd-project/camunda-bpm-ee-tomcat-7.9.0-ee/server/apache-tomcat-9.0.5/webapps/manager] has finished in [1,926] ms
08-Jul-2018 18:38:28.359 INFO [main] org.apache.catalina.startup.HostConfig.deployDirectory Deploying web application directory [/Users/francescovona/Documents/POLI/2 ANNO SP. /2 SEMESTRE/PSD/psd-project/camunda-bpm-ee-tomcat-7.9.0-ee/server/apache-tomcat-9.0.5/webapps/camunda-invoice]
08-Jul-2018 18:38:30.191 INFO [main] org.apache.jasper.servlet.TldScanner.scanJars At least one JAR was scanned for TLDs yet contained no TLDs. Enable debug logging for this logger for a complete list of JARs that were scanned but no TLDs were found in them. Skipping unneeded JARs during scanning can improve startup time and JSP compilation time.
08-Jul-2018 18:38:30.191 INFO [main] org.camunda.commons.logging.BaseLogger.logInfo ENGINE-07015 Detected @ProcessApplication class 'org.camunda.bpm.example.invoice.InvoiceProcessApplication'
08-Jul-2018 18:38:30.209 INFO [main] org.camunda.commons.logging.BaseLogger.logInfo ENGINE-08024 Found processes.xml file at file:/Users/francescovona/Documents/POLI/2%20ANNO%20SP.%20/2%20SEMESTRE/PSD/psd-project/camunda-bpm-ee-tomcat-7.9.0-ee/server/apache-tomcat-9.0.5/webapps/camunda-invoice/WEB-INF/classes/META-INF/processes.xml
08-Jul-2018 18:38:30.246 INFO [main] org.camunda.commons.logging.BaseLogger.logInfo ENGINE-08023 Deployment summary for process archive 'camunda-invoice': 

        invoiceBusinessDecisions.dmn
        invoice.v2.bpmn
        review-invoice.cmmn

08-Jul-2018 18:38:30.910 INFO [main] org.camunda.commons.logging.BaseLogger.logInfo ENGINE-07021 ProcessApplication 'camunda-invoice' registered for DB deployments [7668d281-77bf-11e8-aadb-dee25ccb5a0b, 75e327b7-77bf-11e8-aadb-dee25ccb5a0b]. Will execute process definitions 

        invoice[version: 2, id: invoice:2:766fd765-77bf-11e8-aadb-dee25ccb5a0b]
        invoice[version: 1, id: invoice:1:7614bf0b-77bf-11e8-aadb-dee25ccb5a0b]

Will execute case definitions 

        ReviewInvoiceCase[version: 2, id: ReviewInvoiceCase:2:76764007-77bf-11e8-aadb-dee25ccb5a0b]
        ReviewInvoiceCase[version: 1, id: ReviewInvoiceCase:1:7647dcfd-77bf-11e8-aadb-dee25ccb5a0b]

08-Jul-2018 18:38:30.921 INFO [main] org.camunda.commons.logging.BaseLogger.logInfo SPIN-01010 Discovered Spin data format provider: org.camunda.spin.impl.json.jackson.format.JacksonJsonDataFormatProvider[name = application/json]
08-Jul-2018 18:38:30.925 INFO [main] org.camunda.commons.logging.BaseLogger.logInfo SPIN-01010 Discovered Spin data format provider: org.camunda.spin.impl.xml.dom.format.DomXmlDataFormatProvider[name = application/xml]
08-Jul-2018 18:38:30.927 INFO [main] org.camunda.commons.logging.BaseLogger.logInfo SPIN-01009 Discovered Spin data format: org.camunda.spin.impl.xml.dom.format.DomXmlDataFormat[name = application/xml]
08-Jul-2018 18:38:30.927 INFO [main] org.camunda.commons.logging.BaseLogger.logInfo SPIN-01009 Discovered Spin data format: org.camunda.spin.impl.json.jackson.format.JacksonJsonDataFormat[name = application/json]
08-Jul-2018 18:38:31.040 INFO [main] org.camunda.bpm.example.invoice.InvoiceProcessApplication.startProcessInstances No new instances of Invoice Receipt version 1 started, there are 3 instances running
08-Jul-2018 18:38:31.090 INFO [main] org.camunda.bpm.example.invoice.InvoiceProcessApplication.startProcessInstances No new instances of Invoice Receipt version 2 started, there are 3 instances running
08-Jul-2018 18:38:31.090 INFO [main] org.camunda.commons.logging.BaseLogger.logInfo ENGINE-08050 Process application camunda-invoice successfully deployed
08-Jul-2018 18:38:31.093 INFO [main] org.apache.catalina.startup.HostConfig.deployDirectory Deployment of web application directory [/Users/francescovona/Documents/POLI/2 ANNO SP. /2 SEMESTRE/PSD/psd-project/camunda-bpm-ee-tomcat-7.9.0-ee/server/apache-tomcat-9.0.5/webapps/camunda-invoice] has finished in [2,735] ms
08-Jul-2018 18:38:31.094 INFO [main] org.apache.catalina.startup.HostConfig.deployDirectory Deploying web application directory [/Users/francescovona/Documents/POLI/2 ANNO SP. /2 SEMESTRE/PSD/psd-project/camunda-bpm-ee-tomcat-7.9.0-ee/server/apache-tomcat-9.0.5/webapps/examples]
08-Jul-2018 18:38:33.569 INFO [main] org.apache.jasper.servlet.TldScanner.scanJars At least one JAR was scanned for TLDs yet contained no TLDs. Enable debug logging for this logger for a complete list of JARs that were scanned but no TLDs were found in them. Skipping unneeded JARs during scanning can improve startup time and JSP compilation time.
08-Jul-2018 18:38:33.591 INFO [main] org.apache.catalina.startup.HostConfig.deployDirectory Deployment of web application directory [/Users/francescovona/Documents/POLI/2 ANNO SP. /2 SEMESTRE/PSD/psd-project/camunda-bpm-ee-tomcat-7.9.0-ee/server/apache-tomcat-9.0.5/webapps/examples] has finished in [2,497] ms
08-Jul-2018 18:38:33.592 INFO [main] org.apache.catalina.startup.HostConfig.deployDirectory Deploying web application directory [/Users/francescovona/Documents/POLI/2 ANNO SP. /2 SEMESTRE/PSD/psd-project/camunda-bpm-ee-tomcat-7.9.0-ee/server/apache-tomcat-9.0.5/webapps/ROOT]
08-Jul-2018 18:38:35.461 INFO [main] org.apache.jasper.servlet.TldScanner.scanJars At least one JAR was scanned for TLDs yet contained no TLDs. Enable debug logging for this logger for a complete list of JARs that were scanned but no TLDs were found in them. Skipping unneeded JARs during scanning can improve startup time and JSP compilation time.
08-Jul-2018 18:38:35.464 INFO [main] org.apache.catalina.startup.HostConfig.deployDirectory Deployment of web application directory [/Users/francescovona/Documents/POLI/2 ANNO SP. /2 SEMESTRE/PSD/psd-project/camunda-bpm-ee-tomcat-7.9.0-ee/server/apache-tomcat-9.0.5/webapps/ROOT] has finished in [1,872] ms
08-Jul-2018 18:38:35.464 INFO [main] org.apache.catalina.startup.HostConfig.deployDirectory Deploying web application directory [/Users/francescovona/Documents/POLI/2 ANNO SP. /2 SEMESTRE/PSD/psd-project/camunda-bpm-ee-tomcat-7.9.0-ee/server/apache-tomcat-9.0.5/webapps/host-manager]
08-Jul-2018 18:38:37.329 INFO [main] org.apache.jasper.servlet.TldScanner.scanJars At least one JAR was scanned for TLDs yet contained no TLDs. Enable debug logging for this logger for a complete list of JARs that were scanned but no TLDs were found in them. Skipping unneeded JARs during scanning can improve startup time and JSP compilation time.
08-Jul-2018 18:38:37.332 INFO [main] org.apache.catalina.startup.HostConfig.deployDirectory Deployment of web application directory [/Users/francescovona/Documents/POLI/2 ANNO SP. /2 SEMESTRE/PSD/psd-project/camunda-bpm-ee-tomcat-7.9.0-ee/server/apache-tomcat-9.0.5/webapps/host-manager] has finished in [1,868] ms
08-Jul-2018 18:38:37.336 INFO [main] org.apache.catalina.startup.Catalina.start Server startup in 32342 ms
08-Jul-2018 18:38:37.343 SEVERE [main] org.apache.catalina.core.StandardServer.await StandardServer.await: create[localhost:8005]: 
 java.net.BindException: Address already in use (Bind failed)
	at java.net.PlainSocketImpl.socketBind(Native Method)
	at java.net.AbstractPlainSocketImpl.bind(AbstractPlainSocketImpl.java:387)
	at java.net.ServerSocket.bind(ServerSocket.java:375)
	at java.net.ServerSocket.<init>(ServerSocket.java:237)
	at org.apache.catalina.core.StandardServer.await(StandardServer.java:422)
	at org.apache.catalina.startup.Catalina.await(Catalina.java:770)
	at org.apache.catalina.startup.Catalina.start(Catalina.java:716)
	at sun.reflect.NativeMethodAccessorImpl.invoke0(Native Method)
	at sun.reflect.NativeMethodAccessorImpl.invoke(NativeMethodAccessorImpl.java:62)
	at sun.reflect.DelegatingMethodAccessorImpl.invoke(DelegatingMethodAccessorImpl.java:43)
	at java.lang.reflect.Method.invoke(Method.java:498)
	at org.apache.catalina.startup.Bootstrap.start(Bootstrap.java:353)
	at org.apache.catalina.startup.Bootstrap.main(Bootstrap.java:493)

08-Jul-2018 18:38:37.346 INFO [main] org.camunda.commons.logging.BaseLogger.logInfo ENGINE-14015 Shutting down the JobExecutor[org.camunda.bpm.engine.impl.jobexecutor.RuntimeContainerJobExecutor]
08-Jul-2018 18:38:37.346 INFO [Thread-4] org.camunda.commons.logging.BaseLogger.logInfo ENGINE-14020 JobExecutor[org.camunda.bpm.engine.impl.jobexecutor.RuntimeContainerJobExecutor] stopped job acquisition
08-Jul-2018 18:38:37.368 INFO [main] org.camunda.commons.logging.BaseLogger.logInfo ENGINE-08051 Process application camunda-invoice undeployed
08-Jul-2018 18:38:37.380 INFO [main] org.camunda.commons.logging.BaseLogger.logInfo ENGINE-00007 Process Engine default closed
08-Jul-2018 18:38:37.382 INFO [main] org.camunda.commons.logging.BaseLogger.logInfo ENGINE-08049 Camunda BPM platform stopped at 'Apache Tomcat/9.0.5'
08-Jul-2018 18:38:37.383 INFO [main] org.apache.coyote.AbstractProtocol.pause Pausing ProtocolHandler ["http-nio-8080"]
08-Jul-2018 18:38:37.383 INFO [main] org.apache.coyote.AbstractProtocol.pause Pausing ProtocolHandler ["ajp-nio-8009"]
08-Jul-2018 18:38:37.384 INFO [main] org.apache.catalina.core.StandardService.stopInternal Stopping service [Catalina]
08-Jul-2018 18:38:37.425 WARNING [main] org.camunda.commons.logging.BaseLogger.logWarn ENGINE-07017 Calling undeploy() on process application that is not deployed.
08-Jul-2018 18:38:37.459 INFO [main] org.apache.coyote.AbstractProtocol.stop Stopping ProtocolHandler ["http-nio-8080"]
08-Jul-2018 18:38:37.460 INFO [main] org.apache.coyote.AbstractProtocol.destroy Destroying ProtocolHandler ["http-nio-8080"]
08-Jul-2018 18:38:37.460 INFO [main] org.apache.coyote.AbstractProtocol.stop Stopping ProtocolHandler ["ajp-nio-8009"]
08-Jul-2018 18:38:37.461 INFO [main] org.apache.coyote.AbstractProtocol.destroy Destroying ProtocolHandler ["ajp-nio-8009"]
08-Jul-2018 18:45:05.592 INFO [http-nio-8080-exec-5] org.camunda.bpm.webapp.impl.plugin.LicenseCheckResourceOverride.hasValidLicense Found valid license key for customer politecnico_di_milano.
